DEBUG	2023-03-04 14:00:28,521	polo.crystallography.run	1857	Added 1535 Cocktails
DEBUG	2023-03-04 14:00:28,521	polo.crystallography.run	1845	Created Menu for path /home/ethan/Documents/mySoftware/poloRework/Marco_Polo/src/data/cocktail_data/MSC2_cocktail_list_092809.csv
DEBUG	2023-03-04 14:00:28,540	polo.crystallography.run	1857	Added 1536 Cocktails
DEBUG	2023-03-04 14:00:28,540	polo.crystallography.run	1845	Created Menu for path /home/ethan/Documents/mySoftware/poloRework/Marco_Polo/src/data/cocktail_data/MSC8_1536_cocktail_list_complist.csv
DEBUG	2023-03-04 14:00:28,560	polo.crystallography.run	1857	Added 1536 Cocktails
DEBUG	2023-03-04 14:00:28,560	polo.crystallography.run	1845	Created Menu for path /home/ethan/Documents/mySoftware/poloRework/Marco_Polo/src/data/cocktail_data/MSC5_1536_cocktail_list_complist.csv
DEBUG	2023-03-04 14:00:28,580	polo.crystallography.run	1857	Added 1536 Cocktails
DEBUG	2023-03-04 14:00:28,581	polo.crystallography.run	1845	Created Menu for path /home/ethan/Documents/mySoftware/poloRework/Marco_Polo/src/data/cocktail_data/MSC3_1536_cocktail_list_complist.csv
DEBUG	2023-03-04 14:00:28,701	polo.crystallography.run	1857	Added 1536 Cocktails
DEBUG	2023-03-04 14:00:28,701	polo.crystallography.run	1845	Created Menu for path /home/ethan/Documents/mySoftware/poloRework/Marco_Polo/src/data/cocktail_data/MSC4_1536_cocktail_list_complist-for-web.csv
DEBUG	2023-03-04 14:00:28,720	polo.crystallography.run	1857	Added 1536 Cocktails
DEBUG	2023-03-04 14:00:28,720	polo.crystallography.run	1845	Created Menu for path /home/ethan/Documents/mySoftware/poloRework/Marco_Polo/src/data/cocktail_data/MSC6_1536_cocktail_list_complist.csv
DEBUG	2023-03-04 14:00:28,739	polo.crystallography.run	1857	Added 1536 Cocktails
DEBUG	2023-03-04 14:00:28,739	polo.crystallography.run	1845	Created Menu for path /home/ethan/Documents/mySoftware/poloRework/Marco_Polo/src/data/cocktail_data/13_C1536.csv
DEBUG	2023-03-04 14:00:28,758	polo.crystallography.run	1857	Added 1536 Cocktails
DEBUG	2023-03-04 14:00:28,758	polo.crystallography.run	1845	Created Menu for path /home/ethan/Documents/mySoftware/poloRework/Marco_Polo/src/data/cocktail_data/13A_C1536.csv
DEBUG	2023-03-04 14:00:28,777	polo.crystallography.run	1857	Added 1536 Cocktails
DEBUG	2023-03-04 14:00:28,777	polo.crystallography.run	1845	Created Menu for path /home/ethan/Documents/mySoftware/poloRework/Marco_Polo/src/data/cocktail_data/10_C1536.csv
DEBUG	2023-03-04 14:00:28,795	polo.crystallography.run	1857	Added 1536 Cocktails
DEBUG	2023-03-04 14:00:28,795	polo.crystallography.run	1845	Created Menu for path /home/ethan/Documents/mySoftware/poloRework/Marco_Polo/src/data/cocktail_data/17_C1536_B.csv
DEBUG	2023-03-04 14:00:28,815	polo.crystallography.run	1857	Added 1536 Cocktails
DEBUG	2023-03-04 14:00:28,815	polo.crystallography.run	1845	Created Menu for path /home/ethan/Documents/mySoftware/poloRework/Marco_Polo/src/data/cocktail_data/14_C1536.csv
DEBUG	2023-03-04 14:00:28,835	polo.crystallography.run	1857	Added 1536 Cocktails
DEBUG	2023-03-04 14:00:28,835	polo.crystallography.run	1845	Created Menu for path /home/ethan/Documents/mySoftware/poloRework/Marco_Polo/src/data/cocktail_data/11_C1536.csv
DEBUG	2023-03-04 14:00:28,973	polo.crystallography.run	1857	Added 1536 Cocktails
DEBUG	2023-03-04 14:00:28,973	polo.crystallography.run	1845	Created Menu for path /home/ethan/Documents/mySoftware/poloRework/Marco_Polo/src/data/cocktail_data/16_C1536.csv
DEBUG	2023-03-04 14:00:28,993	polo.crystallography.run	1857	Added 1536 Cocktails
DEBUG	2023-03-04 14:00:28,993	polo.crystallography.run	1845	Created Menu for path /home/ethan/Documents/mySoftware/poloRework/Marco_Polo/src/data/cocktail_data/12_C1536.csv
DEBUG	2023-03-04 14:00:29,013	polo.crystallography.run	1857	Added 1536 Cocktails
DEBUG	2023-03-04 14:00:29,013	polo.crystallography.run	1845	Created Menu for path /home/ethan/Documents/mySoftware/poloRework/Marco_Polo/src/data/cocktail_data/9_C1536.csv
DEBUG	2023-03-04 14:00:29,032	polo.crystallography.run	1857	Added 1536 Cocktails
DEBUG	2023-03-04 14:00:29,032	polo.crystallography.run	1845	Created Menu for path /home/ethan/Documents/mySoftware/poloRework/Marco_Polo/src/data/cocktail_data/15_C1536.csv
DEBUG	2023-03-04 14:01:21,608	polo.crystallography.run	1857	Added 1535 Cocktails
DEBUG	2023-03-04 14:01:21,608	polo.crystallography.run	1845	Created Menu for path /home/ethan/Documents/mySoftware/poloRework/Marco_Polo/dist/Polo/data/cocktail_data/MSC2_cocktail_list_092809.csv
DEBUG	2023-03-04 14:01:21,630	polo.crystallography.run	1857	Added 1536 Cocktails
DEBUG	2023-03-04 14:01:21,630	polo.crystallography.run	1845	Created Menu for path /home/ethan/Documents/mySoftware/poloRework/Marco_Polo/dist/Polo/data/cocktail_data/MSC8_1536_cocktail_list_complist.csv
DEBUG	2023-03-04 14:01:21,653	polo.crystallography.run	1857	Added 1536 Cocktails
DEBUG	2023-03-04 14:01:21,653	polo.crystallography.run	1845	Created Menu for path /home/ethan/Documents/mySoftware/poloRework/Marco_Polo/dist/Polo/data/cocktail_data/MSC5_1536_cocktail_list_complist.csv
DEBUG	2023-03-04 14:01:21,677	polo.crystallography.run	1857	Added 1536 Cocktails
DEBUG	2023-03-04 14:01:21,677	polo.crystallography.run	1845	Created Menu for path /home/ethan/Documents/mySoftware/poloRework/Marco_Polo/dist/Polo/data/cocktail_data/MSC3_1536_cocktail_list_complist.csv
DEBUG	2023-03-04 14:01:21,700	polo.crystallography.run	1857	Added 1536 Cocktails
DEBUG	2023-03-04 14:01:21,700	polo.crystallography.run	1845	Created Menu for path /home/ethan/Documents/mySoftware/poloRework/Marco_Polo/dist/Polo/data/cocktail_data/MSC4_1536_cocktail_list_complist-for-web.csv
DEBUG	2023-03-04 14:01:21,722	polo.crystallography.run	1857	Added 1536 Cocktails
DEBUG	2023-03-04 14:01:21,722	polo.crystallography.run	1845	Created Menu for path /home/ethan/Documents/mySoftware/poloRework/Marco_Polo/dist/Polo/data/cocktail_data/MSC6_1536_cocktail_list_complist.csv
DEBUG	2023-03-04 14:01:21,825	polo.crystallography.run	1857	Added 1536 Cocktails
DEBUG	2023-03-04 14:01:21,825	polo.crystallography.run	1845	Created Menu for path /home/ethan/Documents/mySoftware/poloRework/Marco_Polo/dist/Polo/data/cocktail_data/13_C1536.csv
DEBUG	2023-03-04 14:01:21,848	polo.crystallography.run	1857	Added 1536 Cocktails
DEBUG	2023-03-04 14:01:21,848	polo.crystallography.run	1845	Created Menu for path /home/ethan/Documents/mySoftware/poloRework/Marco_Polo/dist/Polo/data/cocktail_data/13A_C1536.csv
DEBUG	2023-03-04 14:01:21,869	polo.crystallography.run	1857	Added 1536 Cocktails
DEBUG	2023-03-04 14:01:21,869	polo.crystallography.run	1845	Created Menu for path /home/ethan/Documents/mySoftware/poloRework/Marco_Polo/dist/Polo/data/cocktail_data/10_C1536.csv
DEBUG	2023-03-04 14:01:21,891	polo.crystallography.run	1857	Added 1536 Cocktails
DEBUG	2023-03-04 14:01:21,891	polo.crystallography.run	1845	Created Menu for path /home/ethan/Documents/mySoftware/poloRework/Marco_Polo/dist/Polo/data/cocktail_data/17_C1536_B.csv
DEBUG	2023-03-04 14:01:21,913	polo.crystallography.run	1857	Added 1536 Cocktails
DEBUG	2023-03-04 14:01:21,913	polo.crystallography.run	1845	Created Menu for path /home/ethan/Documents/mySoftware/poloRework/Marco_Polo/dist/Polo/data/cocktail_data/14_C1536.csv
DEBUG	2023-03-04 14:01:21,934	polo.crystallography.run	1857	Added 1536 Cocktails
DEBUG	2023-03-04 14:01:21,934	polo.crystallography.run	1845	Created Menu for path /home/ethan/Documents/mySoftware/poloRework/Marco_Polo/dist/Polo/data/cocktail_data/11_C1536.csv
DEBUG	2023-03-04 14:01:21,956	polo.crystallography.run	1857	Added 1536 Cocktails
DEBUG	2023-03-04 14:01:21,956	polo.crystallography.run	1845	Created Menu for path /home/ethan/Documents/mySoftware/poloRework/Marco_Polo/dist/Polo/data/cocktail_data/16_C1536.csv
DEBUG	2023-03-04 14:01:21,978	polo.crystallography.run	1857	Added 1536 Cocktails
DEBUG	2023-03-04 14:01:21,978	polo.crystallography.run	1845	Created Menu for path /home/ethan/Documents/mySoftware/poloRework/Marco_Polo/dist/Polo/data/cocktail_data/12_C1536.csv
DEBUG	2023-03-04 14:01:22,108	polo.crystallography.run	1857	Added 1536 Cocktails
DEBUG	2023-03-04 14:01:22,108	polo.crystallography.run	1845	Created Menu for path /home/ethan/Documents/mySoftware/poloRework/Marco_Polo/dist/Polo/data/cocktail_data/9_C1536.csv
DEBUG	2023-03-04 14:01:22,130	polo.crystallography.run	1857	Added 1536 Cocktails
DEBUG	2023-03-04 14:01:22,130	polo.crystallography.run	1845	Created Menu for path /home/ethan/Documents/mySoftware/poloRework/Marco_Polo/dist/Polo/data/cocktail_data/15_C1536.csv
DEBUG	2023-03-04 14:01:24,769	__main__	38	Detected OS: Linux
DEBUG	2023-03-04 14:01:24,769	__main__	39	Working directory: /home/ethan/Documents/mySoftware/poloRework/Marco_Polo
DEBUG	2023-03-04 14:01:24,769	__main__	40	Polo directory: /home/ethan/Documents/mySoftware/poloRework/Marco_Polo/dist/Polo
DEBUG	2023-03-04 14:01:24,769	__main__	45	Exists: /home/ethan/Documents/mySoftware/poloRework/Marco_Polo/dist/Polo/data/savedmodel
DEBUG	2023-03-04 14:01:24,769	__main__	45	Exists: /home/ethan/Documents/mySoftware/poloRework/Marco_Polo/dist/Polo/data/cocktail_data
DEBUG	2023-03-04 14:01:24,769	__main__	45	Exists: /home/ethan/Documents/mySoftware/poloRework/Marco_Polo/dist/Polo/data/cocktail_data/cocktail_meta.csv
DEBUG	2023-03-04 14:01:24,769	__main__	45	Exists: /home/ethan/Documents/mySoftware/poloRework/Marco_Polo/.polo_backups
DEBUG	2023-03-04 14:01:24,769	__main__	45	Exists: /home/ethan/Documents/mySoftware/poloRework/Marco_Polo/dist/Polo/.tmp
DEBUG	2023-03-04 14:01:24,770	__main__	45	Exists: /home/ethan/Documents/mySoftware/poloRework/Marco_Polo/dist/Polo/data
DEBUG	2023-03-04 14:01:24,770	__main__	52	All preflight checks passed 6 == 6
DEBUG	2023-03-04 14:01:24,789	__main__	69	App icon location: /home/ethan/Documents/mySoftware/poloRework/Marco_Polo/dist/Polo/data/images/logos/polo.png
DEBUG	2023-03-04 14:01:24,798	polo.widgets.run_tree	66	Created <polo.widgets.run_tree.RunTree object at 0x7fe9b0d57c30>
DEBUG	2023-03-04 14:01:24,808	polo.widgets.run_organizer	59	Created <polo.widgets.run_organizer.RunOrganizer object at 0x7fe9b0d57af0>
DEBUG	2023-03-04 14:01:24,809	polo.widgets.slideshow_viewer	231	Made <polo.widgets.slideshow_viewer.SlideshowViewer object at 0x7fe9b0d91730>
DEBUG	2023-03-04 14:01:24,814	polo.widgets.table_inspector	41	Created <polo.widgets.table_inspector.TableInspector object at 0x7fe9ad0c1a50>
DEBUG	2023-03-04 14:01:24,818	polo.widgets.optimize_widget	93	Created <polo.widgets.optimize_widget.OptimizeWidget object at 0x7fe9ad0ce2d0>
DEBUG	2023-03-04 14:01:25,326	polo.windows.main_window	83	Created <polo.windows.main_window.MainWindow object at 0x7fe9b0d57910>
DEBUG	2023-03-04 14:01:25,397	__main__	73	Launched main window
DEBUG	2023-03-04 14:01:36,516	polo.utils.dialog_utils	38	Made message box with message "View saved to /home/ethan/Documents/mySoftware/poloRework/Marco_Polo/test.png"
INFO	2023-03-04 14:01:40,301	polo.windows.main_window	158	Closed Polo
DEBUG	2023-03-04 14:06:53,558	polo.crystallography.run	1857	Added 1535 Cocktails
DEBUG	2023-03-04 14:06:53,558	polo.crystallography.run	1845	Created Menu for path /home/ethan/Documents/mySoftware/poloRework/Marco_Polo/src/data/cocktail_data/MSC2_cocktail_list_092809.csv
DEBUG	2023-03-04 14:06:53,579	polo.crystallography.run	1857	Added 1536 Cocktails
DEBUG	2023-03-04 14:06:53,579	polo.crystallography.run	1845	Created Menu for path /home/ethan/Documents/mySoftware/poloRework/Marco_Polo/src/data/cocktail_data/MSC8_1536_cocktail_list_complist.csv
DEBUG	2023-03-04 14:06:53,599	polo.crystallography.run	1857	Added 1536 Cocktails
DEBUG	2023-03-04 14:06:53,599	polo.crystallography.run	1845	Created Menu for path /home/ethan/Documents/mySoftware/poloRework/Marco_Polo/src/data/cocktail_data/MSC5_1536_cocktail_list_complist.csv
DEBUG	2023-03-04 14:06:53,621	polo.crystallography.run	1857	Added 1536 Cocktails
DEBUG	2023-03-04 14:06:53,621	polo.crystallography.run	1845	Created Menu for path /home/ethan/Documents/mySoftware/poloRework/Marco_Polo/src/data/cocktail_data/MSC3_1536_cocktail_list_complist.csv
DEBUG	2023-03-04 14:06:53,730	polo.crystallography.run	1857	Added 1536 Cocktails
DEBUG	2023-03-04 14:06:53,730	polo.crystallography.run	1845	Created Menu for path /home/ethan/Documents/mySoftware/poloRework/Marco_Polo/src/data/cocktail_data/MSC4_1536_cocktail_list_complist-for-web.csv
DEBUG	2023-03-04 14:06:53,750	polo.crystallography.run	1857	Added 1536 Cocktails
DEBUG	2023-03-04 14:06:53,750	polo.crystallography.run	1845	Created Menu for path /home/ethan/Documents/mySoftware/poloRework/Marco_Polo/src/data/cocktail_data/MSC6_1536_cocktail_list_complist.csv
DEBUG	2023-03-04 14:06:53,771	polo.crystallography.run	1857	Added 1536 Cocktails
DEBUG	2023-03-04 14:06:53,771	polo.crystallography.run	1845	Created Menu for path /home/ethan/Documents/mySoftware/poloRework/Marco_Polo/src/data/cocktail_data/13_C1536.csv
DEBUG	2023-03-04 14:06:53,790	polo.crystallography.run	1857	Added 1536 Cocktails
DEBUG	2023-03-04 14:06:53,790	polo.crystallography.run	1845	Created Menu for path /home/ethan/Documents/mySoftware/poloRework/Marco_Polo/src/data/cocktail_data/13A_C1536.csv
DEBUG	2023-03-04 14:06:53,811	polo.crystallography.run	1857	Added 1536 Cocktails
DEBUG	2023-03-04 14:06:53,811	polo.crystallography.run	1845	Created Menu for path /home/ethan/Documents/mySoftware/poloRework/Marco_Polo/src/data/cocktail_data/10_C1536.csv
DEBUG	2023-03-04 14:06:53,832	polo.crystallography.run	1857	Added 1536 Cocktails
DEBUG	2023-03-04 14:06:53,832	polo.crystallography.run	1845	Created Menu for path /home/ethan/Documents/mySoftware/poloRework/Marco_Polo/src/data/cocktail_data/17_C1536_B.csv
DEBUG	2023-03-04 14:06:53,852	polo.crystallography.run	1857	Added 1536 Cocktails
DEBUG	2023-03-04 14:06:53,852	polo.crystallography.run	1845	Created Menu for path /home/ethan/Documents/mySoftware/poloRework/Marco_Polo/src/data/cocktail_data/14_C1536.csv
DEBUG	2023-03-04 14:06:53,873	polo.crystallography.run	1857	Added 1536 Cocktails
DEBUG	2023-03-04 14:06:53,873	polo.crystallography.run	1845	Created Menu for path /home/ethan/Documents/mySoftware/poloRework/Marco_Polo/src/data/cocktail_data/11_C1536.csv
DEBUG	2023-03-04 14:06:54,015	polo.crystallography.run	1857	Added 1536 Cocktails
DEBUG	2023-03-04 14:06:54,015	polo.crystallography.run	1845	Created Menu for path /home/ethan/Documents/mySoftware/poloRework/Marco_Polo/src/data/cocktail_data/16_C1536.csv
DEBUG	2023-03-04 14:06:54,034	polo.crystallography.run	1857	Added 1536 Cocktails
DEBUG	2023-03-04 14:06:54,034	polo.crystallography.run	1845	Created Menu for path /home/ethan/Documents/mySoftware/poloRework/Marco_Polo/src/data/cocktail_data/12_C1536.csv
DEBUG	2023-03-04 14:06:54,053	polo.crystallography.run	1857	Added 1536 Cocktails
DEBUG	2023-03-04 14:06:54,053	polo.crystallography.run	1845	Created Menu for path /home/ethan/Documents/mySoftware/poloRework/Marco_Polo/src/data/cocktail_data/9_C1536.csv
DEBUG	2023-03-04 14:06:54,072	polo.crystallography.run	1857	Added 1536 Cocktails
DEBUG	2023-03-04 14:06:54,072	polo.crystallography.run	1845	Created Menu for path /home/ethan/Documents/mySoftware/poloRework/Marco_Polo/src/data/cocktail_data/15_C1536.csv
DEBUG	2023-03-04 14:12:35,374	polo.crystallography.run	1857	Added 1535 Cocktails
DEBUG	2023-03-04 14:12:35,374	polo.crystallography.run	1845	Created Menu for path /tmp/_MEIOyVMfs/data/cocktail_data/MSC2_cocktail_list_092809.csv
DEBUG	2023-03-04 14:12:35,397	polo.crystallography.run	1857	Added 1536 Cocktails
DEBUG	2023-03-04 14:12:35,397	polo.crystallography.run	1845	Created Menu for path /tmp/_MEIOyVMfs/data/cocktail_data/MSC8_1536_cocktail_list_complist.csv
DEBUG	2023-03-04 14:12:35,420	polo.crystallography.run	1857	Added 1536 Cocktails
DEBUG	2023-03-04 14:12:35,420	polo.crystallography.run	1845	Created Menu for path /tmp/_MEIOyVMfs/data/cocktail_data/MSC5_1536_cocktail_list_complist.csv
DEBUG	2023-03-04 14:12:35,444	polo.crystallography.run	1857	Added 1536 Cocktails
DEBUG	2023-03-04 14:12:35,444	polo.crystallography.run	1845	Created Menu for path /tmp/_MEIOyVMfs/data/cocktail_data/MSC3_1536_cocktail_list_complist.csv
DEBUG	2023-03-04 14:12:35,467	polo.crystallography.run	1857	Added 1536 Cocktails
DEBUG	2023-03-04 14:12:35,467	polo.crystallography.run	1845	Created Menu for path /tmp/_MEIOyVMfs/data/cocktail_data/MSC4_1536_cocktail_list_complist-for-web.csv
DEBUG	2023-03-04 14:12:35,490	polo.crystallography.run	1857	Added 1536 Cocktails
DEBUG	2023-03-04 14:12:35,490	polo.crystallography.run	1845	Created Menu for path /tmp/_MEIOyVMfs/data/cocktail_data/MSC6_1536_cocktail_list_complist.csv
DEBUG	2023-03-04 14:12:35,596	polo.crystallography.run	1857	Added 1536 Cocktails
DEBUG	2023-03-04 14:12:35,596	polo.crystallography.run	1845	Created Menu for path /tmp/_MEIOyVMfs/data/cocktail_data/13_C1536.csv
DEBUG	2023-03-04 14:12:35,618	polo.crystallography.run	1857	Added 1536 Cocktails
DEBUG	2023-03-04 14:12:35,618	polo.crystallography.run	1845	Created Menu for path /tmp/_MEIOyVMfs/data/cocktail_data/13A_C1536.csv
DEBUG	2023-03-04 14:12:35,640	polo.crystallography.run	1857	Added 1536 Cocktails
DEBUG	2023-03-04 14:12:35,640	polo.crystallography.run	1845	Created Menu for path /tmp/_MEIOyVMfs/data/cocktail_data/10_C1536.csv
DEBUG	2023-03-04 14:12:35,661	polo.crystallography.run	1857	Added 1536 Cocktails
DEBUG	2023-03-04 14:12:35,661	polo.crystallography.run	1845	Created Menu for path /tmp/_MEIOyVMfs/data/cocktail_data/17_C1536_B.csv
DEBUG	2023-03-04 14:12:35,683	polo.crystallography.run	1857	Added 1536 Cocktails
DEBUG	2023-03-04 14:12:35,684	polo.crystallography.run	1845	Created Menu for path /tmp/_MEIOyVMfs/data/cocktail_data/14_C1536.csv
DEBUG	2023-03-04 14:12:35,705	polo.crystallography.run	1857	Added 1536 Cocktails
DEBUG	2023-03-04 14:12:35,705	polo.crystallography.run	1845	Created Menu for path /tmp/_MEIOyVMfs/data/cocktail_data/11_C1536.csv
DEBUG	2023-03-04 14:12:35,727	polo.crystallography.run	1857	Added 1536 Cocktails
DEBUG	2023-03-04 14:12:35,727	polo.crystallography.run	1845	Created Menu for path /tmp/_MEIOyVMfs/data/cocktail_data/16_C1536.csv
DEBUG	2023-03-04 14:12:35,749	polo.crystallography.run	1857	Added 1536 Cocktails
DEBUG	2023-03-04 14:12:35,749	polo.crystallography.run	1845	Created Menu for path /tmp/_MEIOyVMfs/data/cocktail_data/12_C1536.csv
DEBUG	2023-03-04 14:12:35,882	polo.crystallography.run	1857	Added 1536 Cocktails
DEBUG	2023-03-04 14:12:35,882	polo.crystallography.run	1845	Created Menu for path /tmp/_MEIOyVMfs/data/cocktail_data/9_C1536.csv
DEBUG	2023-03-04 14:12:35,904	polo.crystallography.run	1857	Added 1536 Cocktails
DEBUG	2023-03-04 14:12:35,904	polo.crystallography.run	1845	Created Menu for path /tmp/_MEIOyVMfs/data/cocktail_data/15_C1536.csv
DEBUG	2023-03-04 14:12:38,568	__main__	38	Detected OS: Linux
DEBUG	2023-03-04 14:12:38,568	__main__	39	Working directory: /home/ethan/Documents/mySoftware/poloRework/Marco_Polo
DEBUG	2023-03-04 14:12:38,568	__main__	40	Polo directory: /tmp/_MEIOyVMfs
DEBUG	2023-03-04 14:12:38,568	__main__	45	Exists: /tmp/_MEIOyVMfs/data/savedmodel
DEBUG	2023-03-04 14:12:38,568	__main__	45	Exists: /tmp/_MEIOyVMfs/data/cocktail_data
DEBUG	2023-03-04 14:12:38,568	__main__	45	Exists: /tmp/_MEIOyVMfs/data/cocktail_data/cocktail_meta.csv
DEBUG	2023-03-04 14:12:38,568	__main__	45	Exists: /home/ethan/Documents/mySoftware/poloRework/Marco_Polo/.polo_backups
DEBUG	2023-03-04 14:12:38,568	__main__	45	Exists: /tmp/_MEIOyVMfs/.tmp
DEBUG	2023-03-04 14:12:38,568	__main__	45	Exists: /tmp/_MEIOyVMfs/data
DEBUG	2023-03-04 14:12:38,568	__main__	52	All preflight checks passed 6 == 6
DEBUG	2023-03-04 14:12:38,577	__main__	69	App icon location: /tmp/_MEIOyVMfs/data/images/logos/polo.png
DEBUG	2023-03-04 14:12:38,587	polo.widgets.run_tree	66	Created <polo.widgets.run_tree.RunTree object at 0x7f184e6e0cd0>
DEBUG	2023-03-04 14:12:38,597	polo.widgets.run_organizer	59	Created <polo.widgets.run_organizer.RunOrganizer object at 0x7f184e6e0b90>
DEBUG	2023-03-04 14:12:38,598	polo.widgets.slideshow_viewer	231	Made <polo.widgets.slideshow_viewer.SlideshowViewer object at 0x7f184e6b97d0>
DEBUG	2023-03-04 14:12:38,603	polo.widgets.table_inspector	41	Created <polo.widgets.table_inspector.TableInspector object at 0x7f184aa59af0>
DEBUG	2023-03-04 14:12:38,607	polo.widgets.optimize_widget	93	Created <polo.widgets.optimize_widget.OptimizeWidget object at 0x7f184aa66370>
DEBUG	2023-03-04 14:12:39,088	polo.windows.main_window	83	Created <polo.windows.main_window.MainWindow object at 0x7f184e6e09b0>
DEBUG	2023-03-04 14:12:39,146	__main__	73	Launched main window
ERROR	2023-03-04 14:12:43,871	polo.widgets.run_organizer	149	Failed to open classification thread for False
ERROR	2023-03-04 14:12:45,978	polo.widgets.run_organizer	149	Failed to open classification thread for False
INFO	2023-03-04 14:12:48,517	polo.windows.main_window	158	Closed Polo
DEBUG	2023-03-05 12:45:36,631	polo.crystallography.run	1857	Added 1535 Cocktails
DEBUG	2023-03-05 12:45:36,632	polo.crystallography.run	1845	Created Menu for path /home/ethan/Documents/mySoftware/poloRework/Marco_Polo/src/data/cocktail_data/MSC2_cocktail_list_092809.csv
DEBUG	2023-03-05 12:45:36,651	polo.crystallography.run	1857	Added 1536 Cocktails
DEBUG	2023-03-05 12:45:36,652	polo.crystallography.run	1845	Created Menu for path /home/ethan/Documents/mySoftware/poloRework/Marco_Polo/src/data/cocktail_data/MSC8_1536_cocktail_list_complist.csv
DEBUG	2023-03-05 12:45:36,671	polo.crystallography.run	1857	Added 1536 Cocktails
DEBUG	2023-03-05 12:45:36,671	polo.crystallography.run	1845	Created Menu for path /home/ethan/Documents/mySoftware/poloRework/Marco_Polo/src/data/cocktail_data/MSC5_1536_cocktail_list_complist.csv
DEBUG	2023-03-05 12:45:36,781	polo.crystallography.run	1857	Added 1536 Cocktails
DEBUG	2023-03-05 12:45:36,781	polo.crystallography.run	1845	Created Menu for path /home/ethan/Documents/mySoftware/poloRework/Marco_Polo/src/data/cocktail_data/MSC3_1536_cocktail_list_complist.csv
DEBUG	2023-03-05 12:45:36,801	polo.crystallography.run	1857	Added 1536 Cocktails
DEBUG	2023-03-05 12:45:36,801	polo.crystallography.run	1845	Created Menu for path /home/ethan/Documents/mySoftware/poloRework/Marco_Polo/src/data/cocktail_data/MSC4_1536_cocktail_list_complist-for-web.csv
DEBUG	2023-03-05 12:45:36,822	polo.crystallography.run	1857	Added 1536 Cocktails
DEBUG	2023-03-05 12:45:36,823	polo.crystallography.run	1845	Created Menu for path /home/ethan/Documents/mySoftware/poloRework/Marco_Polo/src/data/cocktail_data/MSC6_1536_cocktail_list_complist.csv
DEBUG	2023-03-05 12:45:36,841	polo.crystallography.run	1857	Added 1536 Cocktails
DEBUG	2023-03-05 12:45:36,841	polo.crystallography.run	1845	Created Menu for path /home/ethan/Documents/mySoftware/poloRework/Marco_Polo/src/data/cocktail_data/13_C1536.csv
DEBUG	2023-03-05 12:45:36,860	polo.crystallography.run	1857	Added 1536 Cocktails
DEBUG	2023-03-05 12:45:36,860	polo.crystallography.run	1845	Created Menu for path /home/ethan/Documents/mySoftware/poloRework/Marco_Polo/src/data/cocktail_data/13A_C1536.csv
DEBUG	2023-03-05 12:45:36,878	polo.crystallography.run	1857	Added 1536 Cocktails
DEBUG	2023-03-05 12:45:36,879	polo.crystallography.run	1845	Created Menu for path /home/ethan/Documents/mySoftware/poloRework/Marco_Polo/src/data/cocktail_data/10_C1536.csv
DEBUG	2023-03-05 12:45:36,898	polo.crystallography.run	1857	Added 1536 Cocktails
DEBUG	2023-03-05 12:45:36,898	polo.crystallography.run	1845	Created Menu for path /home/ethan/Documents/mySoftware/poloRework/Marco_Polo/src/data/cocktail_data/17_C1536_B.csv
DEBUG	2023-03-05 12:45:36,917	polo.crystallography.run	1857	Added 1536 Cocktails
DEBUG	2023-03-05 12:45:36,917	polo.crystallography.run	1845	Created Menu for path /home/ethan/Documents/mySoftware/poloRework/Marco_Polo/src/data/cocktail_data/14_C1536.csv
DEBUG	2023-03-05 12:45:37,053	polo.crystallography.run	1857	Added 1536 Cocktails
DEBUG	2023-03-05 12:45:37,053	polo.crystallography.run	1845	Created Menu for path /home/ethan/Documents/mySoftware/poloRework/Marco_Polo/src/data/cocktail_data/11_C1536.csv
DEBUG	2023-03-05 12:45:37,081	polo.crystallography.run	1857	Added 1536 Cocktails
DEBUG	2023-03-05 12:45:37,081	polo.crystallography.run	1845	Created Menu for path /home/ethan/Documents/mySoftware/poloRework/Marco_Polo/src/data/cocktail_data/16_C1536.csv
DEBUG	2023-03-05 12:45:37,099	polo.crystallography.run	1857	Added 1536 Cocktails
DEBUG	2023-03-05 12:45:37,099	polo.crystallography.run	1845	Created Menu for path /home/ethan/Documents/mySoftware/poloRework/Marco_Polo/src/data/cocktail_data/12_C1536.csv
DEBUG	2023-03-05 12:45:37,117	polo.crystallography.run	1857	Added 1536 Cocktails
DEBUG	2023-03-05 12:45:37,117	polo.crystallography.run	1845	Created Menu for path /home/ethan/Documents/mySoftware/poloRework/Marco_Polo/src/data/cocktail_data/9_C1536.csv
DEBUG	2023-03-05 12:45:37,137	polo.crystallography.run	1857	Added 1536 Cocktails
DEBUG	2023-03-05 12:45:37,137	polo.crystallography.run	1845	Created Menu for path /home/ethan/Documents/mySoftware/poloRework/Marco_Polo/src/data/cocktail_data/15_C1536.csv
DEBUG	2023-03-05 12:50:56,535	polo.crystallography.run	1859	Added 1535 Cocktails
DEBUG	2023-03-05 12:50:56,535	polo.crystallography.run	1847	Created Menu for path /home/ethan/Documents/mySoftware/poloRework/Marco_Polo/src/data/cocktail_data/MSC2_cocktail_list_092809.csv
DEBUG	2023-03-05 12:50:56,557	polo.crystallography.run	1859	Added 1536 Cocktails
DEBUG	2023-03-05 12:50:56,557	polo.crystallography.run	1847	Created Menu for path /home/ethan/Documents/mySoftware/poloRework/Marco_Polo/src/data/cocktail_data/MSC8_1536_cocktail_list_complist.csv
DEBUG	2023-03-05 12:50:56,580	polo.crystallography.run	1859	Added 1536 Cocktails
DEBUG	2023-03-05 12:50:56,580	polo.crystallography.run	1847	Created Menu for path /home/ethan/Documents/mySoftware/poloRework/Marco_Polo/src/data/cocktail_data/MSC5_1536_cocktail_list_complist.csv
DEBUG	2023-03-05 12:50:56,704	polo.crystallography.run	1859	Added 1536 Cocktails
DEBUG	2023-03-05 12:50:56,704	polo.crystallography.run	1847	Created Menu for path /home/ethan/Documents/mySoftware/poloRework/Marco_Polo/src/data/cocktail_data/MSC3_1536_cocktail_list_complist.csv
DEBUG	2023-03-05 12:50:56,728	polo.crystallography.run	1859	Added 1536 Cocktails
DEBUG	2023-03-05 12:50:56,728	polo.crystallography.run	1847	Created Menu for path /home/ethan/Documents/mySoftware/poloRework/Marco_Polo/src/data/cocktail_data/MSC4_1536_cocktail_list_complist-for-web.csv
DEBUG	2023-03-05 12:50:56,752	polo.crystallography.run	1859	Added 1536 Cocktails
DEBUG	2023-03-05 12:50:56,752	polo.crystallography.run	1847	Created Menu for path /home/ethan/Documents/mySoftware/poloRework/Marco_Polo/src/data/cocktail_data/MSC6_1536_cocktail_list_complist.csv
DEBUG	2023-03-05 12:50:56,773	polo.crystallography.run	1859	Added 1536 Cocktails
DEBUG	2023-03-05 12:50:56,773	polo.crystallography.run	1847	Created Menu for path /home/ethan/Documents/mySoftware/poloRework/Marco_Polo/src/data/cocktail_data/13_C1536.csv
DEBUG	2023-03-05 12:50:56,798	polo.crystallography.run	1859	Added 1536 Cocktails
DEBUG	2023-03-05 12:50:56,798	polo.crystallography.run	1847	Created Menu for path /home/ethan/Documents/mySoftware/poloRework/Marco_Polo/src/data/cocktail_data/13A_C1536.csv
DEBUG	2023-03-05 12:50:56,819	polo.crystallography.run	1859	Added 1536 Cocktails
DEBUG	2023-03-05 12:50:56,819	polo.crystallography.run	1847	Created Menu for path /home/ethan/Documents/mySoftware/poloRework/Marco_Polo/src/data/cocktail_data/10_C1536.csv
DEBUG	2023-03-05 12:50:56,842	polo.crystallography.run	1859	Added 1536 Cocktails
DEBUG	2023-03-05 12:50:56,842	polo.crystallography.run	1847	Created Menu for path /home/ethan/Documents/mySoftware/poloRework/Marco_Polo/src/data/cocktail_data/17_C1536_B.csv
DEBUG	2023-03-05 12:50:56,874	polo.crystallography.run	1859	Added 1536 Cocktails
DEBUG	2023-03-05 12:50:56,875	polo.crystallography.run	1847	Created Menu for path /home/ethan/Documents/mySoftware/poloRework/Marco_Polo/src/data/cocktail_data/14_C1536.csv
DEBUG	2023-03-05 12:50:57,047	polo.crystallography.run	1859	Added 1536 Cocktails
DEBUG	2023-03-05 12:50:57,047	polo.crystallography.run	1847	Created Menu for path /home/ethan/Documents/mySoftware/poloRework/Marco_Polo/src/data/cocktail_data/11_C1536.csv
DEBUG	2023-03-05 12:50:57,070	polo.crystallography.run	1859	Added 1536 Cocktails
DEBUG	2023-03-05 12:50:57,070	polo.crystallography.run	1847	Created Menu for path /home/ethan/Documents/mySoftware/poloRework/Marco_Polo/src/data/cocktail_data/16_C1536.csv
DEBUG	2023-03-05 12:50:57,090	polo.crystallography.run	1859	Added 1536 Cocktails
DEBUG	2023-03-05 12:50:57,090	polo.crystallography.run	1847	Created Menu for path /home/ethan/Documents/mySoftware/poloRework/Marco_Polo/src/data/cocktail_data/12_C1536.csv
DEBUG	2023-03-05 12:50:57,110	polo.crystallography.run	1859	Added 1536 Cocktails
DEBUG	2023-03-05 12:50:57,110	polo.crystallography.run	1847	Created Menu for path /home/ethan/Documents/mySoftware/poloRework/Marco_Polo/src/data/cocktail_data/9_C1536.csv
DEBUG	2023-03-05 12:50:57,133	polo.crystallography.run	1859	Added 1536 Cocktails
DEBUG	2023-03-05 12:50:57,133	polo.crystallography.run	1847	Created Menu for path /home/ethan/Documents/mySoftware/poloRework/Marco_Polo/src/data/cocktail_data/15_C1536.csv
DEBUG	2023-03-05 12:52:43,831	polo.crystallography.run	1862	Added 1535 Cocktails
DEBUG	2023-03-05 12:52:43,832	polo.crystallography.run	1850	Created Menu for path /home/ethan/Documents/mySoftware/poloRework/Marco_Polo/src/data/cocktail_data/MSC2_cocktail_list_092809.csv
DEBUG	2023-03-05 12:52:43,879	polo.crystallography.run	1862	Added 1536 Cocktails
DEBUG	2023-03-05 12:52:43,879	polo.crystallography.run	1850	Created Menu for path /home/ethan/Documents/mySoftware/poloRework/Marco_Polo/src/data/cocktail_data/MSC8_1536_cocktail_list_complist.csv
DEBUG	2023-03-05 12:52:43,921	polo.crystallography.run	1862	Added 1536 Cocktails
DEBUG	2023-03-05 12:52:43,921	polo.crystallography.run	1850	Created Menu for path /home/ethan/Documents/mySoftware/poloRework/Marco_Polo/src/data/cocktail_data/MSC5_1536_cocktail_list_complist.csv
DEBUG	2023-03-05 12:52:44,113	polo.crystallography.run	1862	Added 1536 Cocktails
DEBUG	2023-03-05 12:52:44,114	polo.crystallography.run	1850	Created Menu for path /home/ethan/Documents/mySoftware/poloRework/Marco_Polo/src/data/cocktail_data/MSC3_1536_cocktail_list_complist.csv
DEBUG	2023-03-05 12:52:44,152	polo.crystallography.run	1862	Added 1536 Cocktails
DEBUG	2023-03-05 12:52:44,152	polo.crystallography.run	1850	Created Menu for path /home/ethan/Documents/mySoftware/poloRework/Marco_Polo/src/data/cocktail_data/MSC4_1536_cocktail_list_complist-for-web.csv
DEBUG	2023-03-05 12:52:44,195	polo.crystallography.run	1862	Added 1536 Cocktails
DEBUG	2023-03-05 12:52:44,195	polo.crystallography.run	1850	Created Menu for path /home/ethan/Documents/mySoftware/poloRework/Marco_Polo/src/data/cocktail_data/MSC6_1536_cocktail_list_complist.csv
DEBUG	2023-03-05 12:52:44,281	polo.crystallography.run	1862	Added 1536 Cocktails
DEBUG	2023-03-05 12:52:44,281	polo.crystallography.run	1850	Created Menu for path /home/ethan/Documents/mySoftware/poloRework/Marco_Polo/src/data/cocktail_data/13_C1536.csv
DEBUG	2023-03-05 12:52:44,323	polo.crystallography.run	1862	Added 1536 Cocktails
DEBUG	2023-03-05 12:52:44,323	polo.crystallography.run	1850	Created Menu for path /home/ethan/Documents/mySoftware/poloRework/Marco_Polo/src/data/cocktail_data/13A_C1536.csv
DEBUG	2023-03-05 12:52:44,392	polo.crystallography.run	1862	Added 1536 Cocktails
DEBUG	2023-03-05 12:52:44,392	polo.crystallography.run	1850	Created Menu for path /home/ethan/Documents/mySoftware/poloRework/Marco_Polo/src/data/cocktail_data/10_C1536.csv
DEBUG	2023-03-05 12:52:44,457	polo.crystallography.run	1862	Added 1536 Cocktails
DEBUG	2023-03-05 12:52:44,458	polo.crystallography.run	1850	Created Menu for path /home/ethan/Documents/mySoftware/poloRework/Marco_Polo/src/data/cocktail_data/17_C1536_B.csv
DEBUG	2023-03-05 12:52:44,489	polo.crystallography.run	1862	Added 1536 Cocktails
DEBUG	2023-03-05 12:52:44,490	polo.crystallography.run	1850	Created Menu for path /home/ethan/Documents/mySoftware/poloRework/Marco_Polo/src/data/cocktail_data/14_C1536.csv
DEBUG	2023-03-05 12:52:44,698	polo.crystallography.run	1862	Added 1536 Cocktails
DEBUG	2023-03-05 12:52:44,699	polo.crystallography.run	1850	Created Menu for path /home/ethan/Documents/mySoftware/poloRework/Marco_Polo/src/data/cocktail_data/11_C1536.csv
DEBUG	2023-03-05 12:52:44,732	polo.crystallography.run	1862	Added 1536 Cocktails
DEBUG	2023-03-05 12:52:44,732	polo.crystallography.run	1850	Created Menu for path /home/ethan/Documents/mySoftware/poloRework/Marco_Polo/src/data/cocktail_data/16_C1536.csv
DEBUG	2023-03-05 12:52:44,772	polo.crystallography.run	1862	Added 1536 Cocktails
DEBUG	2023-03-05 12:52:44,773	polo.crystallography.run	1850	Created Menu for path /home/ethan/Documents/mySoftware/poloRework/Marco_Polo/src/data/cocktail_data/12_C1536.csv
DEBUG	2023-03-05 12:52:44,849	polo.crystallography.run	1862	Added 1536 Cocktails
DEBUG	2023-03-05 12:52:44,850	polo.crystallography.run	1850	Created Menu for path /home/ethan/Documents/mySoftware/poloRework/Marco_Polo/src/data/cocktail_data/9_C1536.csv
DEBUG	2023-03-05 12:52:44,885	polo.crystallography.run	1862	Added 1536 Cocktails
DEBUG	2023-03-05 12:52:44,885	polo.crystallography.run	1850	Created Menu for path /home/ethan/Documents/mySoftware/poloRework/Marco_Polo/src/data/cocktail_data/15_C1536.csv
DEBUG	2023-03-05 13:04:58,104	polo.crystallography.run	1859	Added 1535 Cocktails
DEBUG	2023-03-05 13:04:58,104	polo.crystallography.run	1847	Created Menu for path /home/ethan/Documents/mySoftware/poloRework/Marco_Polo/src/data/cocktail_data/MSC2_cocktail_list_092809.csv
DEBUG	2023-03-05 13:04:58,123	polo.crystallography.run	1859	Added 1536 Cocktails
DEBUG	2023-03-05 13:04:58,123	polo.crystallography.run	1847	Created Menu for path /home/ethan/Documents/mySoftware/poloRework/Marco_Polo/src/data/cocktail_data/MSC8_1536_cocktail_list_complist.csv
DEBUG	2023-03-05 13:04:58,142	polo.crystallography.run	1859	Added 1536 Cocktails
DEBUG	2023-03-05 13:04:58,142	polo.crystallography.run	1847	Created Menu for path /home/ethan/Documents/mySoftware/poloRework/Marco_Polo/src/data/cocktail_data/MSC5_1536_cocktail_list_complist.csv
DEBUG	2023-03-05 13:04:58,252	polo.crystallography.run	1859	Added 1536 Cocktails
DEBUG	2023-03-05 13:04:58,253	polo.crystallography.run	1847	Created Menu for path /home/ethan/Documents/mySoftware/poloRework/Marco_Polo/src/data/cocktail_data/MSC3_1536_cocktail_list_complist.csv
DEBUG	2023-03-05 13:04:58,273	polo.crystallography.run	1859	Added 1536 Cocktails
DEBUG	2023-03-05 13:04:58,274	polo.crystallography.run	1847	Created Menu for path /home/ethan/Documents/mySoftware/poloRework/Marco_Polo/src/data/cocktail_data/MSC4_1536_cocktail_list_complist-for-web.csv
DEBUG	2023-03-05 13:04:58,293	polo.crystallography.run	1859	Added 1536 Cocktails
DEBUG	2023-03-05 13:04:58,293	polo.crystallography.run	1847	Created Menu for path /home/ethan/Documents/mySoftware/poloRework/Marco_Polo/src/data/cocktail_data/MSC6_1536_cocktail_list_complist.csv
DEBUG	2023-03-05 13:04:58,312	polo.crystallography.run	1859	Added 1536 Cocktails
DEBUG	2023-03-05 13:04:58,312	polo.crystallography.run	1847	Created Menu for path /home/ethan/Documents/mySoftware/poloRework/Marco_Polo/src/data/cocktail_data/13_C1536.csv
DEBUG	2023-03-05 13:04:58,331	polo.crystallography.run	1859	Added 1536 Cocktails
DEBUG	2023-03-05 13:04:58,331	polo.crystallography.run	1847	Created Menu for path /home/ethan/Documents/mySoftware/poloRework/Marco_Polo/src/data/cocktail_data/13A_C1536.csv
DEBUG	2023-03-05 13:04:58,349	polo.crystallography.run	1859	Added 1536 Cocktails
DEBUG	2023-03-05 13:04:58,349	polo.crystallography.run	1847	Created Menu for path /home/ethan/Documents/mySoftware/poloRework/Marco_Polo/src/data/cocktail_data/10_C1536.csv
DEBUG	2023-03-05 13:04:58,367	polo.crystallography.run	1859	Added 1536 Cocktails
DEBUG	2023-03-05 13:04:58,367	polo.crystallography.run	1847	Created Menu for path /home/ethan/Documents/mySoftware/poloRework/Marco_Polo/src/data/cocktail_data/17_C1536_B.csv
DEBUG	2023-03-05 13:04:58,386	polo.crystallography.run	1859	Added 1536 Cocktails
DEBUG	2023-03-05 13:04:58,386	polo.crystallography.run	1847	Created Menu for path /home/ethan/Documents/mySoftware/poloRework/Marco_Polo/src/data/cocktail_data/14_C1536.csv
DEBUG	2023-03-05 13:04:58,524	polo.crystallography.run	1859	Added 1536 Cocktails
DEBUG	2023-03-05 13:04:58,524	polo.crystallography.run	1847	Created Menu for path /home/ethan/Documents/mySoftware/poloRework/Marco_Polo/src/data/cocktail_data/11_C1536.csv
DEBUG	2023-03-05 13:04:58,542	polo.crystallography.run	1859	Added 1536 Cocktails
DEBUG	2023-03-05 13:04:58,542	polo.crystallography.run	1847	Created Menu for path /home/ethan/Documents/mySoftware/poloRework/Marco_Polo/src/data/cocktail_data/16_C1536.csv
DEBUG	2023-03-05 13:04:58,561	polo.crystallography.run	1859	Added 1536 Cocktails
DEBUG	2023-03-05 13:04:58,561	polo.crystallography.run	1847	Created Menu for path /home/ethan/Documents/mySoftware/poloRework/Marco_Polo/src/data/cocktail_data/12_C1536.csv
DEBUG	2023-03-05 13:04:58,580	polo.crystallography.run	1859	Added 1536 Cocktails
DEBUG	2023-03-05 13:04:58,580	polo.crystallography.run	1847	Created Menu for path /home/ethan/Documents/mySoftware/poloRework/Marco_Polo/src/data/cocktail_data/9_C1536.csv
DEBUG	2023-03-05 13:04:58,603	polo.crystallography.run	1859	Added 1536 Cocktails
DEBUG	2023-03-05 13:04:58,603	polo.crystallography.run	1847	Created Menu for path /home/ethan/Documents/mySoftware/poloRework/Marco_Polo/src/data/cocktail_data/15_C1536.csv
DEBUG	2023-03-05 13:05:38,416	polo.crystallography.run	1860	Added 1535 Cocktails
DEBUG	2023-03-05 13:05:38,417	polo.crystallography.run	1848	Created Menu for path /home/ethan/Documents/mySoftware/poloRework/Marco_Polo/src/data/cocktail_data/MSC2_cocktail_list_092809.csv
DEBUG	2023-03-05 13:05:38,458	polo.crystallography.run	1860	Added 1536 Cocktails
DEBUG	2023-03-05 13:05:38,458	polo.crystallography.run	1848	Created Menu for path /home/ethan/Documents/mySoftware/poloRework/Marco_Polo/src/data/cocktail_data/MSC8_1536_cocktail_list_complist.csv
DEBUG	2023-03-05 13:05:38,533	polo.crystallography.run	1860	Added 1536 Cocktails
DEBUG	2023-03-05 13:05:38,533	polo.crystallography.run	1848	Created Menu for path /home/ethan/Documents/mySoftware/poloRework/Marco_Polo/src/data/cocktail_data/MSC5_1536_cocktail_list_complist.csv
DEBUG	2023-03-05 13:05:38,709	polo.crystallography.run	1860	Added 1536 Cocktails
DEBUG	2023-03-05 13:05:38,709	polo.crystallography.run	1848	Created Menu for path /home/ethan/Documents/mySoftware/poloRework/Marco_Polo/src/data/cocktail_data/MSC3_1536_cocktail_list_complist.csv
DEBUG	2023-03-05 13:05:38,749	polo.crystallography.run	1860	Added 1536 Cocktails
DEBUG	2023-03-05 13:05:38,749	polo.crystallography.run	1848	Created Menu for path /home/ethan/Documents/mySoftware/poloRework/Marco_Polo/src/data/cocktail_data/MSC4_1536_cocktail_list_complist-for-web.csv
DEBUG	2023-03-05 13:05:38,795	polo.crystallography.run	1860	Added 1536 Cocktails
DEBUG	2023-03-05 13:05:38,795	polo.crystallography.run	1848	Created Menu for path /home/ethan/Documents/mySoftware/poloRework/Marco_Polo/src/data/cocktail_data/MSC6_1536_cocktail_list_complist.csv
DEBUG	2023-03-05 13:05:38,865	polo.crystallography.run	1860	Added 1536 Cocktails
DEBUG	2023-03-05 13:05:38,865	polo.crystallography.run	1848	Created Menu for path /home/ethan/Documents/mySoftware/poloRework/Marco_Polo/src/data/cocktail_data/13_C1536.csv
DEBUG	2023-03-05 13:05:38,906	polo.crystallography.run	1860	Added 1536 Cocktails
DEBUG	2023-03-05 13:05:38,906	polo.crystallography.run	1848	Created Menu for path /home/ethan/Documents/mySoftware/poloRework/Marco_Polo/src/data/cocktail_data/13A_C1536.csv
DEBUG	2023-03-05 13:05:39,003	polo.crystallography.run	1860	Added 1536 Cocktails
DEBUG	2023-03-05 13:05:39,003	polo.crystallography.run	1848	Created Menu for path /home/ethan/Documents/mySoftware/poloRework/Marco_Polo/src/data/cocktail_data/10_C1536.csv
DEBUG	2023-03-05 13:05:39,060	polo.crystallography.run	1860	Added 1536 Cocktails
DEBUG	2023-03-05 13:05:39,061	polo.crystallography.run	1848	Created Menu for path /home/ethan/Documents/mySoftware/poloRework/Marco_Polo/src/data/cocktail_data/17_C1536_B.csv
DEBUG	2023-03-05 13:05:39,091	polo.crystallography.run	1860	Added 1536 Cocktails
DEBUG	2023-03-05 13:05:39,092	polo.crystallography.run	1848	Created Menu for path /home/ethan/Documents/mySoftware/poloRework/Marco_Polo/src/data/cocktail_data/14_C1536.csv
DEBUG	2023-03-05 13:05:39,342	polo.crystallography.run	1860	Added 1536 Cocktails
DEBUG	2023-03-05 13:05:39,342	polo.crystallography.run	1848	Created Menu for path /home/ethan/Documents/mySoftware/poloRework/Marco_Polo/src/data/cocktail_data/11_C1536.csv
DEBUG	2023-03-05 13:05:39,385	polo.crystallography.run	1860	Added 1536 Cocktails
DEBUG	2023-03-05 13:05:39,385	polo.crystallography.run	1848	Created Menu for path /home/ethan/Documents/mySoftware/poloRework/Marco_Polo/src/data/cocktail_data/16_C1536.csv
DEBUG	2023-03-05 13:05:39,438	polo.crystallography.run	1860	Added 1536 Cocktails
DEBUG	2023-03-05 13:05:39,439	polo.crystallography.run	1848	Created Menu for path /home/ethan/Documents/mySoftware/poloRework/Marco_Polo/src/data/cocktail_data/12_C1536.csv
DEBUG	2023-03-05 13:05:39,495	polo.crystallography.run	1860	Added 1536 Cocktails
DEBUG	2023-03-05 13:05:39,495	polo.crystallography.run	1848	Created Menu for path /home/ethan/Documents/mySoftware/poloRework/Marco_Polo/src/data/cocktail_data/9_C1536.csv
DEBUG	2023-03-05 13:05:39,529	polo.crystallography.run	1860	Added 1536 Cocktails
DEBUG	2023-03-05 13:05:39,530	polo.crystallography.run	1848	Created Menu for path /home/ethan/Documents/mySoftware/poloRework/Marco_Polo/src/data/cocktail_data/15_C1536.csv
DEBUG	2023-03-05 13:12:14,577	polo.crystallography.run	1860	Added 1535 Cocktails
DEBUG	2023-03-05 13:12:14,577	polo.crystallography.run	1848	Created Menu for path /home/ethan/Documents/mySoftware/poloRework/Marco_Polo/src/data/cocktail_data/MSC2_cocktail_list_092809.csv
DEBUG	2023-03-05 13:12:14,654	polo.crystallography.run	1860	Added 1536 Cocktails
DEBUG	2023-03-05 13:12:14,655	polo.crystallography.run	1848	Created Menu for path /home/ethan/Documents/mySoftware/poloRework/Marco_Polo/src/data/cocktail_data/MSC8_1536_cocktail_list_complist.csv
DEBUG	2023-03-05 13:12:14,740	polo.crystallography.run	1860	Added 1536 Cocktails
DEBUG	2023-03-05 13:12:14,741	polo.crystallography.run	1848	Created Menu for path /home/ethan/Documents/mySoftware/poloRework/Marco_Polo/src/data/cocktail_data/MSC5_1536_cocktail_list_complist.csv
DEBUG	2023-03-05 13:12:14,942	polo.crystallography.run	1860	Added 1536 Cocktails
DEBUG	2023-03-05 13:12:14,942	polo.crystallography.run	1848	Created Menu for path /home/ethan/Documents/mySoftware/poloRework/Marco_Polo/src/data/cocktail_data/MSC3_1536_cocktail_list_complist.csv
DEBUG	2023-03-05 13:12:15,012	polo.crystallography.run	1860	Added 1536 Cocktails
DEBUG	2023-03-05 13:12:15,012	polo.crystallography.run	1848	Created Menu for path /home/ethan/Documents/mySoftware/poloRework/Marco_Polo/src/data/cocktail_data/MSC4_1536_cocktail_list_complist-for-web.csv
DEBUG	2023-03-05 13:12:15,086	polo.crystallography.run	1860	Added 1536 Cocktails
DEBUG	2023-03-05 13:12:15,086	polo.crystallography.run	1848	Created Menu for path /home/ethan/Documents/mySoftware/poloRework/Marco_Polo/src/data/cocktail_data/MSC6_1536_cocktail_list_complist.csv
DEBUG	2023-03-05 13:12:15,151	polo.crystallography.run	1860	Added 1536 Cocktails
DEBUG	2023-03-05 13:12:15,152	polo.crystallography.run	1848	Created Menu for path /home/ethan/Documents/mySoftware/poloRework/Marco_Polo/src/data/cocktail_data/13_C1536.csv
DEBUG	2023-03-05 13:12:15,250	polo.crystallography.run	1860	Added 1536 Cocktails
DEBUG	2023-03-05 13:12:15,251	polo.crystallography.run	1848	Created Menu for path /home/ethan/Documents/mySoftware/poloRework/Marco_Polo/src/data/cocktail_data/13A_C1536.csv
DEBUG	2023-03-05 13:12:15,303	polo.crystallography.run	1860	Added 1536 Cocktails
DEBUG	2023-03-05 13:12:15,303	polo.crystallography.run	1848	Created Menu for path /home/ethan/Documents/mySoftware/poloRework/Marco_Polo/src/data/cocktail_data/10_C1536.csv
DEBUG	2023-03-05 13:12:15,409	polo.crystallography.run	1860	Added 1536 Cocktails
DEBUG	2023-03-05 13:12:15,409	polo.crystallography.run	1848	Created Menu for path /home/ethan/Documents/mySoftware/poloRework/Marco_Polo/src/data/cocktail_data/17_C1536_B.csv
DEBUG	2023-03-05 13:12:15,473	polo.crystallography.run	1860	Added 1536 Cocktails
DEBUG	2023-03-05 13:12:15,474	polo.crystallography.run	1848	Created Menu for path /home/ethan/Documents/mySoftware/poloRework/Marco_Polo/src/data/cocktail_data/14_C1536.csv
DEBUG	2023-03-05 13:12:15,690	polo.crystallography.run	1860	Added 1536 Cocktails
DEBUG	2023-03-05 13:12:15,690	polo.crystallography.run	1848	Created Menu for path /home/ethan/Documents/mySoftware/poloRework/Marco_Polo/src/data/cocktail_data/11_C1536.csv
DEBUG	2023-03-05 13:12:15,732	polo.crystallography.run	1860	Added 1536 Cocktails
DEBUG	2023-03-05 13:12:15,732	polo.crystallography.run	1848	Created Menu for path /home/ethan/Documents/mySoftware/poloRework/Marco_Polo/src/data/cocktail_data/16_C1536.csv
DEBUG	2023-03-05 13:12:15,788	polo.crystallography.run	1860	Added 1536 Cocktails
DEBUG	2023-03-05 13:12:15,788	polo.crystallography.run	1848	Created Menu for path /home/ethan/Documents/mySoftware/poloRework/Marco_Polo/src/data/cocktail_data/12_C1536.csv
DEBUG	2023-03-05 13:12:15,880	polo.crystallography.run	1860	Added 1536 Cocktails
DEBUG	2023-03-05 13:12:15,880	polo.crystallography.run	1848	Created Menu for path /home/ethan/Documents/mySoftware/poloRework/Marco_Polo/src/data/cocktail_data/9_C1536.csv
DEBUG	2023-03-05 13:12:15,948	polo.crystallography.run	1860	Added 1536 Cocktails
DEBUG	2023-03-05 13:12:15,948	polo.crystallography.run	1848	Created Menu for path /home/ethan/Documents/mySoftware/poloRework/Marco_Polo/src/data/cocktail_data/15_C1536.csv
DEBUG	2023-03-05 13:19:33,349	polo.crystallography.run	1860	Added 1535 Cocktails
DEBUG	2023-03-05 13:19:33,349	polo.crystallography.run	1848	Created Menu for path /home/ethan/Documents/mySoftware/poloRework/Marco_Polo/src/data/cocktail_data/MSC2_cocktail_list_092809.csv
DEBUG	2023-03-05 13:19:33,458	polo.crystallography.run	1860	Added 1536 Cocktails
DEBUG	2023-03-05 13:19:33,458	polo.crystallography.run	1848	Created Menu for path /home/ethan/Documents/mySoftware/poloRework/Marco_Polo/src/data/cocktail_data/MSC8_1536_cocktail_list_complist.csv
DEBUG	2023-03-05 13:19:33,585	polo.crystallography.run	1860	Added 1536 Cocktails
DEBUG	2023-03-05 13:19:33,585	polo.crystallography.run	1848	Created Menu for path /home/ethan/Documents/mySoftware/poloRework/Marco_Polo/src/data/cocktail_data/MSC5_1536_cocktail_list_complist.csv
DEBUG	2023-03-05 13:19:33,753	polo.crystallography.run	1860	Added 1536 Cocktails
DEBUG	2023-03-05 13:19:33,753	polo.crystallography.run	1848	Created Menu for path /home/ethan/Documents/mySoftware/poloRework/Marco_Polo/src/data/cocktail_data/MSC3_1536_cocktail_list_complist.csv
DEBUG	2023-03-05 13:19:33,874	polo.crystallography.run	1860	Added 1536 Cocktails
DEBUG	2023-03-05 13:19:33,874	polo.crystallography.run	1848	Created Menu for path /home/ethan/Documents/mySoftware/poloRework/Marco_Polo/src/data/cocktail_data/MSC4_1536_cocktail_list_complist-for-web.csv
DEBUG	2023-03-05 13:19:33,994	polo.crystallography.run	1860	Added 1536 Cocktails
DEBUG	2023-03-05 13:19:33,994	polo.crystallography.run	1848	Created Menu for path /home/ethan/Documents/mySoftware/poloRework/Marco_Polo/src/data/cocktail_data/MSC6_1536_cocktail_list_complist.csv
DEBUG	2023-03-05 13:19:34,073	polo.crystallography.run	1860	Added 1536 Cocktails
DEBUG	2023-03-05 13:19:34,073	polo.crystallography.run	1848	Created Menu for path /home/ethan/Documents/mySoftware/poloRework/Marco_Polo/src/data/cocktail_data/13_C1536.csv
DEBUG	2023-03-05 13:19:34,138	polo.crystallography.run	1860	Added 1536 Cocktails
DEBUG	2023-03-05 13:19:34,138	polo.crystallography.run	1848	Created Menu for path /home/ethan/Documents/mySoftware/poloRework/Marco_Polo/src/data/cocktail_data/13A_C1536.csv
DEBUG	2023-03-05 13:19:34,198	polo.crystallography.run	1860	Added 1536 Cocktails
DEBUG	2023-03-05 13:19:34,198	polo.crystallography.run	1848	Created Menu for path /home/ethan/Documents/mySoftware/poloRework/Marco_Polo/src/data/cocktail_data/10_C1536.csv
DEBUG	2023-03-05 13:19:34,266	polo.crystallography.run	1860	Added 1536 Cocktails
DEBUG	2023-03-05 13:19:34,266	polo.crystallography.run	1848	Created Menu for path /home/ethan/Documents/mySoftware/poloRework/Marco_Polo/src/data/cocktail_data/17_C1536_B.csv
DEBUG	2023-03-05 13:19:34,340	polo.crystallography.run	1860	Added 1536 Cocktails
DEBUG	2023-03-05 13:19:34,340	polo.crystallography.run	1848	Created Menu for path /home/ethan/Documents/mySoftware/poloRework/Marco_Polo/src/data/cocktail_data/14_C1536.csv
DEBUG	2023-03-05 13:19:34,594	polo.crystallography.run	1860	Added 1536 Cocktails
DEBUG	2023-03-05 13:19:34,594	polo.crystallography.run	1848	Created Menu for path /home/ethan/Documents/mySoftware/poloRework/Marco_Polo/src/data/cocktail_data/11_C1536.csv
DEBUG	2023-03-05 13:19:34,650	polo.crystallography.run	1860	Added 1536 Cocktails
DEBUG	2023-03-05 13:19:34,650	polo.crystallography.run	1848	Created Menu for path /home/ethan/Documents/mySoftware/poloRework/Marco_Polo/src/data/cocktail_data/16_C1536.csv
DEBUG	2023-03-05 13:19:34,718	polo.crystallography.run	1860	Added 1536 Cocktails
DEBUG	2023-03-05 13:19:34,718	polo.crystallography.run	1848	Created Menu for path /home/ethan/Documents/mySoftware/poloRework/Marco_Polo/src/data/cocktail_data/12_C1536.csv
DEBUG	2023-03-05 13:19:34,794	polo.crystallography.run	1860	Added 1536 Cocktails
DEBUG	2023-03-05 13:19:34,795	polo.crystallography.run	1848	Created Menu for path /home/ethan/Documents/mySoftware/poloRework/Marco_Polo/src/data/cocktail_data/9_C1536.csv
DEBUG	2023-03-05 13:19:34,862	polo.crystallography.run	1860	Added 1536 Cocktails
DEBUG	2023-03-05 13:19:34,863	polo.crystallography.run	1848	Created Menu for path /home/ethan/Documents/mySoftware/poloRework/Marco_Polo/src/data/cocktail_data/15_C1536.csv
DEBUG	2023-03-05 13:39:41,677	polo.crystallography.run	1875	Added 1535 Cocktails
DEBUG	2023-03-05 13:39:41,678	polo.crystallography.run	1863	Created Menu for path /home/ethan/Documents/mySoftware/poloRework/Marco_Polo/src/data/cocktail_data/MSC2_cocktail_list_092809.csv
DEBUG	2023-03-05 13:39:41,768	polo.crystallography.run	1875	Added 1536 Cocktails
DEBUG	2023-03-05 13:39:41,769	polo.crystallography.run	1863	Created Menu for path /home/ethan/Documents/mySoftware/poloRework/Marco_Polo/src/data/cocktail_data/MSC8_1536_cocktail_list_complist.csv
DEBUG	2023-03-05 13:39:41,832	polo.crystallography.run	1875	Added 1536 Cocktails
DEBUG	2023-03-05 13:39:41,833	polo.crystallography.run	1863	Created Menu for path /home/ethan/Documents/mySoftware/poloRework/Marco_Polo/src/data/cocktail_data/MSC5_1536_cocktail_list_complist.csv
DEBUG	2023-03-05 13:39:42,034	polo.crystallography.run	1875	Added 1536 Cocktails
DEBUG	2023-03-05 13:39:42,034	polo.crystallography.run	1863	Created Menu for path /home/ethan/Documents/mySoftware/poloRework/Marco_Polo/src/data/cocktail_data/MSC3_1536_cocktail_list_complist.csv
DEBUG	2023-03-05 13:39:42,143	polo.crystallography.run	1875	Added 1536 Cocktails
DEBUG	2023-03-05 13:39:42,143	polo.crystallography.run	1863	Created Menu for path /home/ethan/Documents/mySoftware/poloRework/Marco_Polo/src/data/cocktail_data/MSC4_1536_cocktail_list_complist-for-web.csv
DEBUG	2023-03-05 13:39:42,242	polo.crystallography.run	1875	Added 1536 Cocktails
DEBUG	2023-03-05 13:39:42,242	polo.crystallography.run	1863	Created Menu for path /home/ethan/Documents/mySoftware/poloRework/Marco_Polo/src/data/cocktail_data/MSC6_1536_cocktail_list_complist.csv
DEBUG	2023-03-05 13:39:42,330	polo.crystallography.run	1875	Added 1536 Cocktails
DEBUG	2023-03-05 13:39:42,331	polo.crystallography.run	1863	Created Menu for path /home/ethan/Documents/mySoftware/poloRework/Marco_Polo/src/data/cocktail_data/13_C1536.csv
DEBUG	2023-03-05 13:39:42,405	polo.crystallography.run	1875	Added 1536 Cocktails
DEBUG	2023-03-05 13:39:42,405	polo.crystallography.run	1863	Created Menu for path /home/ethan/Documents/mySoftware/poloRework/Marco_Polo/src/data/cocktail_data/13A_C1536.csv
DEBUG	2023-03-05 13:39:42,507	polo.crystallography.run	1875	Added 1536 Cocktails
DEBUG	2023-03-05 13:39:42,507	polo.crystallography.run	1863	Created Menu for path /home/ethan/Documents/mySoftware/poloRework/Marco_Polo/src/data/cocktail_data/10_C1536.csv
DEBUG	2023-03-05 13:39:42,587	polo.crystallography.run	1875	Added 1536 Cocktails
DEBUG	2023-03-05 13:39:42,587	polo.crystallography.run	1863	Created Menu for path /home/ethan/Documents/mySoftware/poloRework/Marco_Polo/src/data/cocktail_data/17_C1536_B.csv
DEBUG	2023-03-05 13:39:42,655	polo.crystallography.run	1875	Added 1536 Cocktails
DEBUG	2023-03-05 13:39:42,655	polo.crystallography.run	1863	Created Menu for path /home/ethan/Documents/mySoftware/poloRework/Marco_Polo/src/data/cocktail_data/14_C1536.csv
DEBUG	2023-03-05 13:39:42,885	polo.crystallography.run	1875	Added 1536 Cocktails
DEBUG	2023-03-05 13:39:42,885	polo.crystallography.run	1863	Created Menu for path /home/ethan/Documents/mySoftware/poloRework/Marco_Polo/src/data/cocktail_data/11_C1536.csv
DEBUG	2023-03-05 13:39:42,948	polo.crystallography.run	1875	Added 1536 Cocktails
DEBUG	2023-03-05 13:39:42,948	polo.crystallography.run	1863	Created Menu for path /home/ethan/Documents/mySoftware/poloRework/Marco_Polo/src/data/cocktail_data/16_C1536.csv
DEBUG	2023-03-05 13:39:43,016	polo.crystallography.run	1875	Added 1536 Cocktails
DEBUG	2023-03-05 13:39:43,016	polo.crystallography.run	1863	Created Menu for path /home/ethan/Documents/mySoftware/poloRework/Marco_Polo/src/data/cocktail_data/12_C1536.csv
DEBUG	2023-03-05 13:39:43,090	polo.crystallography.run	1875	Added 1536 Cocktails
DEBUG	2023-03-05 13:39:43,090	polo.crystallography.run	1863	Created Menu for path /home/ethan/Documents/mySoftware/poloRework/Marco_Polo/src/data/cocktail_data/9_C1536.csv
DEBUG	2023-03-05 13:39:43,156	polo.crystallography.run	1875	Added 1536 Cocktails
DEBUG	2023-03-05 13:39:43,157	polo.crystallography.run	1863	Created Menu for path /home/ethan/Documents/mySoftware/poloRework/Marco_Polo/src/data/cocktail_data/15_C1536.csv
DEBUG	2023-03-05 13:39:43,215	polo.crystallography.run	1875	Added 1536 Cocktails
DEBUG	2023-03-05 13:39:43,215	polo.crystallography.run	1863	Created Menu for path /home/ethan/Documents/mySoftware/poloRework/Marco_Polo/src/data/cocktail_data/21_C1536.csv
DEBUG	2023-03-05 13:39:43,318	polo.crystallography.run	1875	Added 1536 Cocktails
DEBUG	2023-03-05 13:39:43,318	polo.crystallography.run	1863	Created Menu for path /home/ethan/Documents/mySoftware/poloRework/Marco_Polo/src/data/cocktail_data/MSC9_1536_cocktail_list_complist.csv
DEBUG	2023-03-05 13:39:43,750	__main__	38	Detected OS: Linux
DEBUG	2023-03-05 13:39:43,750	__main__	39	Working directory: /home/ethan/Documents/mySoftware/poloRework/Marco_Polo
DEBUG	2023-03-05 13:39:43,750	__main__	40	Polo directory: /home/ethan/Documents/mySoftware/poloRework/Marco_Polo/src
DEBUG	2023-03-05 13:39:43,750	__main__	45	Exists: /home/ethan/Documents/mySoftware/poloRework/Marco_Polo/src/data/savedmodel
DEBUG	2023-03-05 13:39:43,750	__main__	45	Exists: /home/ethan/Documents/mySoftware/poloRework/Marco_Polo/src/data/cocktail_data
DEBUG	2023-03-05 13:39:43,750	__main__	45	Exists: /home/ethan/Documents/mySoftware/poloRework/Marco_Polo/src/data/cocktail_data/cocktail_meta.csv
DEBUG	2023-03-05 13:39:43,750	__main__	45	Exists: /home/ethan/Documents/mySoftware/poloRework/Marco_Polo/.polo_backups
DEBUG	2023-03-05 13:39:43,750	__main__	45	Exists: /home/ethan/Documents/mySoftware/poloRework/Marco_Polo/src/.tmp
DEBUG	2023-03-05 13:39:43,750	__main__	45	Exists: /home/ethan/Documents/mySoftware/poloRework/Marco_Polo/src/data
DEBUG	2023-03-05 13:39:43,750	__main__	52	All preflight checks passed 6 == 6
DEBUG	2023-03-05 13:39:43,791	__main__	69	App icon location: /home/ethan/Documents/mySoftware/poloRework/Marco_Polo/src/data/images/logos/polo.png
DEBUG	2023-03-05 13:39:43,817	polo.widgets.run_tree	66	Created <polo.widgets.run_tree.RunTree object at 0x7feee9145050>
DEBUG	2023-03-05 13:39:43,854	polo.widgets.run_organizer	59	Created <polo.widgets.run_organizer.RunOrganizer object at 0x7feeecb5deb0>
DEBUG	2023-03-05 13:39:43,858	polo.widgets.slideshow_viewer	231	Made <polo.widgets.slideshow_viewer.SlideshowViewer object at 0x7feee9145af0>
DEBUG	2023-03-05 13:39:43,864	polo.widgets.table_inspector	41	Created <polo.widgets.table_inspector.TableInspector object at 0x7feee916ae10>
DEBUG	2023-03-05 13:39:43,869	polo.widgets.optimize_widget	93	Created <polo.widgets.optimize_widget.OptimizeWidget object at 0x7feee8e94690>
DEBUG	2023-03-05 13:39:44,348	polo.windows.main_window	83	Created <polo.windows.main_window.MainWindow object at 0x7feeecb5dcd0>
DEBUG	2023-03-05 13:39:44,409	__main__	73	Launched main window
DEBUG	2023-03-05 13:40:06,963	polo.utils.dialog_utils	38	Made message box with message "Please load a run first"
DEBUG	2023-03-05 13:40:09,273	polo.utils.dialog_utils	38	Made message box with message "Please load a run first"
INFO	2023-03-05 13:40:47,928	polo.windows.main_window	158	Closed Polo
DEBUG	2023-03-06 13:24:45,517	polo.crystallography.run	1878	Added 1535 Cocktails
DEBUG	2023-03-06 13:24:45,518	polo.crystallography.run	1866	Created Menu for path /home/ethan/Documents/mySoftware/poloRework/Marco_Polo/src/data/cocktail_data/MSC2_cocktail_list_092809.csv
DEBUG	2023-03-06 13:24:45,595	polo.crystallography.run	1878	Added 1536 Cocktails
DEBUG	2023-03-06 13:24:45,595	polo.crystallography.run	1866	Created Menu for path /home/ethan/Documents/mySoftware/poloRework/Marco_Polo/src/data/cocktail_data/MSC8_1536_cocktail_list_complist.csv
DEBUG	2023-03-06 13:24:45,688	polo.crystallography.run	1878	Added 1536 Cocktails
DEBUG	2023-03-06 13:24:45,688	polo.crystallography.run	1866	Created Menu for path /home/ethan/Documents/mySoftware/poloRework/Marco_Polo/src/data/cocktail_data/MSC5_1536_cocktail_list_complist.csv
DEBUG	2023-03-06 13:24:45,852	polo.crystallography.run	1878	Added 1536 Cocktails
DEBUG	2023-03-06 13:24:45,852	polo.crystallography.run	1866	Created Menu for path /home/ethan/Documents/mySoftware/poloRework/Marco_Polo/src/data/cocktail_data/MSC3_1536_cocktail_list_complist.csv
DEBUG	2023-03-06 13:24:45,902	polo.crystallography.run	1878	Added 1536 Cocktails
DEBUG	2023-03-06 13:24:45,903	polo.crystallography.run	1866	Created Menu for path /home/ethan/Documents/mySoftware/poloRework/Marco_Polo/src/data/cocktail_data/MSC4_1536_cocktail_list_complist-for-web.csv
DEBUG	2023-03-06 13:24:45,971	polo.crystallography.run	1878	Added 1536 Cocktails
DEBUG	2023-03-06 13:24:45,971	polo.crystallography.run	1866	Created Menu for path /home/ethan/Documents/mySoftware/poloRework/Marco_Polo/src/data/cocktail_data/MSC6_1536_cocktail_list_complist.csv
DEBUG	2023-03-06 13:24:46,053	polo.crystallography.run	1878	Added 1536 Cocktails
DEBUG	2023-03-06 13:24:46,053	polo.crystallography.run	1866	Created Menu for path /home/ethan/Documents/mySoftware/poloRework/Marco_Polo/src/data/cocktail_data/13_C1536.csv
DEBUG	2023-03-06 13:24:46,111	polo.crystallography.run	1878	Added 1536 Cocktails
DEBUG	2023-03-06 13:24:46,111	polo.crystallography.run	1866	Created Menu for path /home/ethan/Documents/mySoftware/poloRework/Marco_Polo/src/data/cocktail_data/13A_C1536.csv
DEBUG	2023-03-06 13:24:46,191	polo.crystallography.run	1878	Added 1536 Cocktails
DEBUG	2023-03-06 13:24:46,191	polo.crystallography.run	1866	Created Menu for path /home/ethan/Documents/mySoftware/poloRework/Marco_Polo/src/data/cocktail_data/10_C1536.csv
DEBUG	2023-03-06 13:24:46,250	polo.crystallography.run	1878	Added 1536 Cocktails
DEBUG	2023-03-06 13:24:46,250	polo.crystallography.run	1866	Created Menu for path /home/ethan/Documents/mySoftware/poloRework/Marco_Polo/src/data/cocktail_data/17_C1536_B.csv
DEBUG	2023-03-06 13:24:46,314	polo.crystallography.run	1878	Added 1536 Cocktails
DEBUG	2023-03-06 13:24:46,315	polo.crystallography.run	1866	Created Menu for path /home/ethan/Documents/mySoftware/poloRework/Marco_Polo/src/data/cocktail_data/14_C1536.csv
DEBUG	2023-03-06 13:24:46,507	polo.crystallography.run	1878	Added 1536 Cocktails
DEBUG	2023-03-06 13:24:46,508	polo.crystallography.run	1866	Created Menu for path /home/ethan/Documents/mySoftware/poloRework/Marco_Polo/src/data/cocktail_data/11_C1536.csv
DEBUG	2023-03-06 13:24:46,548	polo.crystallography.run	1878	Added 1536 Cocktails
DEBUG	2023-03-06 13:24:46,549	polo.crystallography.run	1866	Created Menu for path /home/ethan/Documents/mySoftware/poloRework/Marco_Polo/src/data/cocktail_data/16_C1536.csv
DEBUG	2023-03-06 13:24:46,607	polo.crystallography.run	1878	Added 1536 Cocktails
DEBUG	2023-03-06 13:24:46,607	polo.crystallography.run	1866	Created Menu for path /home/ethan/Documents/mySoftware/poloRework/Marco_Polo/src/data/cocktail_data/12_C1536.csv
DEBUG	2023-03-06 13:24:46,664	polo.crystallography.run	1878	Added 1536 Cocktails
DEBUG	2023-03-06 13:24:46,664	polo.crystallography.run	1866	Created Menu for path /home/ethan/Documents/mySoftware/poloRework/Marco_Polo/src/data/cocktail_data/9_C1536.csv
DEBUG	2023-03-06 13:24:46,726	polo.crystallography.run	1878	Added 1536 Cocktails
DEBUG	2023-03-06 13:24:46,726	polo.crystallography.run	1866	Created Menu for path /home/ethan/Documents/mySoftware/poloRework/Marco_Polo/src/data/cocktail_data/15_C1536.csv
DEBUG	2023-03-06 13:24:46,780	polo.crystallography.run	1878	Added 1536 Cocktails
DEBUG	2023-03-06 13:24:46,780	polo.crystallography.run	1866	Created Menu for path /home/ethan/Documents/mySoftware/poloRework/Marco_Polo/src/data/cocktail_data/21_C1536.csv
DEBUG	2023-03-06 13:24:46,859	polo.crystallography.run	1878	Added 1536 Cocktails
DEBUG	2023-03-06 13:24:46,859	polo.crystallography.run	1866	Created Menu for path /home/ethan/Documents/mySoftware/poloRework/Marco_Polo/src/data/cocktail_data/MSC9_1536_cocktail_list_complist.csv
DEBUG	2023-03-06 13:24:47,223	__main__	38	Detected OS: Linux
DEBUG	2023-03-06 13:24:47,223	__main__	39	Working directory: /home/ethan/Documents/mySoftware/poloRework/Marco_Polo
DEBUG	2023-03-06 13:24:47,223	__main__	40	Polo directory: /home/ethan/Documents/mySoftware/poloRework/Marco_Polo/src
DEBUG	2023-03-06 13:24:47,223	__main__	45	Exists: /home/ethan/Documents/mySoftware/poloRework/Marco_Polo/src/data/savedmodel
DEBUG	2023-03-06 13:24:47,223	__main__	45	Exists: /home/ethan/Documents/mySoftware/poloRework/Marco_Polo/src/data/cocktail_data
DEBUG	2023-03-06 13:24:47,223	__main__	45	Exists: /home/ethan/Documents/mySoftware/poloRework/Marco_Polo/src/data/cocktail_data/cocktail_meta.csv
DEBUG	2023-03-06 13:24:47,223	__main__	45	Exists: /home/ethan/Documents/mySoftware/poloRework/Marco_Polo/.polo_backups
DEBUG	2023-03-06 13:24:47,223	__main__	45	Exists: /home/ethan/Documents/mySoftware/poloRework/Marco_Polo/src/.tmp
DEBUG	2023-03-06 13:24:47,223	__main__	45	Exists: /home/ethan/Documents/mySoftware/poloRework/Marco_Polo/src/data
DEBUG	2023-03-06 13:24:47,223	__main__	52	All preflight checks passed 6 == 6
DEBUG	2023-03-06 13:24:47,255	__main__	69	App icon location: /home/ethan/Documents/mySoftware/poloRework/Marco_Polo/src/data/images/logos/polo.png
DEBUG	2023-03-06 13:24:47,276	polo.widgets.run_tree	66	Created <polo.widgets.run_tree.RunTree object at 0x7fe9f1e25cd0>
DEBUG	2023-03-06 13:24:47,306	polo.widgets.run_organizer	59	Created <polo.widgets.run_organizer.RunOrganizer object at 0x7fe9f1e25b90>
DEBUG	2023-03-06 13:24:47,309	polo.widgets.slideshow_viewer	231	Made <polo.widgets.slideshow_viewer.SlideshowViewer object at 0x7fe9f1ddb7d0>
DEBUG	2023-03-06 13:24:47,315	polo.widgets.table_inspector	41	Created <polo.widgets.table_inspector.TableInspector object at 0x7fe9ee147af0>
DEBUG	2023-03-06 13:24:47,319	polo.widgets.optimize_widget	93	Created <polo.widgets.optimize_widget.OptimizeWidget object at 0x7fe9ee151370>
DEBUG	2023-03-06 13:24:47,979	polo.windows.main_window	83	Created <polo.windows.main_window.MainWindow object at 0x7fe9f1e259b0>
DEBUG	2023-03-06 13:24:48,032	__main__	73	Launched main window
INFO	2023-03-06 13:26:26,214	polo.windows.main_window	158	Closed Polo
DEBUG	2023-03-06 20:52:58,354	polo.crystallography.run	1878	Added 1535 Cocktails
DEBUG	2023-03-06 20:52:58,354	polo.crystallography.run	1866	Created Menu for path /home/ethan/Documents/mySoftware/poloRework/releaseTesting/src/data/cocktail_data/MSC2_cocktail_list_092809.csv
DEBUG	2023-03-06 20:52:58,447	polo.crystallography.run	1878	Added 1536 Cocktails
DEBUG	2023-03-06 20:52:58,448	polo.crystallography.run	1866	Created Menu for path /home/ethan/Documents/mySoftware/poloRework/releaseTesting/src/data/cocktail_data/MSC8_1536_cocktail_list_complist.csv
DEBUG	2023-03-06 20:52:58,529	polo.crystallography.run	1878	Added 1536 Cocktails
DEBUG	2023-03-06 20:52:58,529	polo.crystallography.run	1866	Created Menu for path /home/ethan/Documents/mySoftware/poloRework/releaseTesting/src/data/cocktail_data/MSC5_1536_cocktail_list_complist.csv
DEBUG	2023-03-06 20:52:58,608	polo.crystallography.run	1878	Added 1536 Cocktails
DEBUG	2023-03-06 20:52:58,608	polo.crystallography.run	1866	Created Menu for path /home/ethan/Documents/mySoftware/poloRework/releaseTesting/src/data/cocktail_data/MSC3_1536_cocktail_list_complist.csv
DEBUG	2023-03-06 20:52:58,847	polo.crystallography.run	1878	Added 1536 Cocktails
DEBUG	2023-03-06 20:52:58,847	polo.crystallography.run	1866	Created Menu for path /home/ethan/Documents/mySoftware/poloRework/releaseTesting/src/data/cocktail_data/MSC4_1536_cocktail_list_complist-for-web.csv
DEBUG	2023-03-06 20:52:58,946	polo.crystallography.run	1878	Added 1536 Cocktails
DEBUG	2023-03-06 20:52:58,946	polo.crystallography.run	1866	Created Menu for path /home/ethan/Documents/mySoftware/poloRework/releaseTesting/src/data/cocktail_data/MSC6_1536_cocktail_list_complist.csv
DEBUG	2023-03-06 20:52:59,018	polo.crystallography.run	1878	Added 1536 Cocktails
DEBUG	2023-03-06 20:52:59,019	polo.crystallography.run	1866	Created Menu for path /home/ethan/Documents/mySoftware/poloRework/releaseTesting/src/data/cocktail_data/13_C1536.csv
DEBUG	2023-03-06 20:52:59,105	polo.crystallography.run	1878	Added 1536 Cocktails
DEBUG	2023-03-06 20:52:59,105	polo.crystallography.run	1866	Created Menu for path /home/ethan/Documents/mySoftware/poloRework/releaseTesting/src/data/cocktail_data/13A_C1536.csv
DEBUG	2023-03-06 20:52:59,188	polo.crystallography.run	1878	Added 1536 Cocktails
DEBUG	2023-03-06 20:52:59,188	polo.crystallography.run	1866	Created Menu for path /home/ethan/Documents/mySoftware/poloRework/releaseTesting/src/data/cocktail_data/10_C1536.csv
DEBUG	2023-03-06 20:52:59,274	polo.crystallography.run	1878	Added 1536 Cocktails
DEBUG	2023-03-06 20:52:59,275	polo.crystallography.run	1866	Created Menu for path /home/ethan/Documents/mySoftware/poloRework/releaseTesting/src/data/cocktail_data/17_C1536_B.csv
DEBUG	2023-03-06 20:52:59,377	polo.crystallography.run	1878	Added 1536 Cocktails
DEBUG	2023-03-06 20:52:59,377	polo.crystallography.run	1866	Created Menu for path /home/ethan/Documents/mySoftware/poloRework/releaseTesting/src/data/cocktail_data/14_C1536.csv
DEBUG	2023-03-06 20:52:59,456	polo.crystallography.run	1878	Added 1536 Cocktails
DEBUG	2023-03-06 20:52:59,456	polo.crystallography.run	1866	Created Menu for path /home/ethan/Documents/mySoftware/poloRework/releaseTesting/src/data/cocktail_data/11_C1536.csv
DEBUG	2023-03-06 20:52:59,713	polo.crystallography.run	1878	Added 1536 Cocktails
DEBUG	2023-03-06 20:52:59,714	polo.crystallography.run	1866	Created Menu for path /home/ethan/Documents/mySoftware/poloRework/releaseTesting/src/data/cocktail_data/16_C1536.csv
DEBUG	2023-03-06 20:52:59,803	polo.crystallography.run	1878	Added 1536 Cocktails
DEBUG	2023-03-06 20:52:59,803	polo.crystallography.run	1866	Created Menu for path /home/ethan/Documents/mySoftware/poloRework/releaseTesting/src/data/cocktail_data/12_C1536.csv
DEBUG	2023-03-06 20:52:59,860	polo.crystallography.run	1878	Added 1536 Cocktails
DEBUG	2023-03-06 20:52:59,861	polo.crystallography.run	1866	Created Menu for path /home/ethan/Documents/mySoftware/poloRework/releaseTesting/src/data/cocktail_data/9_C1536.csv
DEBUG	2023-03-06 20:52:59,960	polo.crystallography.run	1878	Added 1536 Cocktails
DEBUG	2023-03-06 20:52:59,960	polo.crystallography.run	1866	Created Menu for path /home/ethan/Documents/mySoftware/poloRework/releaseTesting/src/data/cocktail_data/15_C1536.csv
DEBUG	2023-03-06 20:53:00,027	polo.crystallography.run	1878	Added 1536 Cocktails
DEBUG	2023-03-06 20:53:00,028	polo.crystallography.run	1866	Created Menu for path /home/ethan/Documents/mySoftware/poloRework/releaseTesting/src/data/cocktail_data/21_C1536.csv
DEBUG	2023-03-06 20:53:00,134	polo.crystallography.run	1878	Added 1536 Cocktails
DEBUG	2023-03-06 20:53:00,135	polo.crystallography.run	1866	Created Menu for path /home/ethan/Documents/mySoftware/poloRework/releaseTesting/src/data/cocktail_data/MSC9_1536_cocktail_list_complist.csv
DEBUG	2023-03-06 20:57:17,711	polo.crystallography.run	1878	Added 1535 Cocktails
DEBUG	2023-03-06 20:57:17,711	polo.crystallography.run	1866	Created Menu for path /tmp/_MEIlPxmt8/data/cocktail_data/MSC2_cocktail_list_092809.csv
DEBUG	2023-03-06 20:57:17,850	polo.crystallography.run	1878	Added 1536 Cocktails
DEBUG	2023-03-06 20:57:17,851	polo.crystallography.run	1866	Created Menu for path /tmp/_MEIlPxmt8/data/cocktail_data/MSC8_1536_cocktail_list_complist.csv
DEBUG	2023-03-06 20:57:17,949	polo.crystallography.run	1878	Added 1536 Cocktails
DEBUG	2023-03-06 20:57:17,949	polo.crystallography.run	1866	Created Menu for path /tmp/_MEIlPxmt8/data/cocktail_data/MSC5_1536_cocktail_list_complist.csv
DEBUG	2023-03-06 20:57:18,028	polo.crystallography.run	1878	Added 1536 Cocktails
DEBUG	2023-03-06 20:57:18,028	polo.crystallography.run	1866	Created Menu for path /tmp/_MEIlPxmt8/data/cocktail_data/MSC3_1536_cocktail_list_complist.csv
DEBUG	2023-03-06 20:57:18,135	polo.crystallography.run	1878	Added 1536 Cocktails
DEBUG	2023-03-06 20:57:18,135	polo.crystallography.run	1866	Created Menu for path /tmp/_MEIlPxmt8/data/cocktail_data/MSC4_1536_cocktail_list_complist-for-web.csv
DEBUG	2023-03-06 20:57:18,223	polo.crystallography.run	1878	Added 1536 Cocktails
DEBUG	2023-03-06 20:57:18,224	polo.crystallography.run	1866	Created Menu for path /tmp/_MEIlPxmt8/data/cocktail_data/MSC6_1536_cocktail_list_complist.csv
DEBUG	2023-03-06 20:57:18,419	polo.crystallography.run	1878	Added 1536 Cocktails
DEBUG	2023-03-06 20:57:18,419	polo.crystallography.run	1866	Created Menu for path /tmp/_MEIlPxmt8/data/cocktail_data/13_C1536.csv
DEBUG	2023-03-06 20:57:18,496	polo.crystallography.run	1878	Added 1536 Cocktails
DEBUG	2023-03-06 20:57:18,496	polo.crystallography.run	1866	Created Menu for path /tmp/_MEIlPxmt8/data/cocktail_data/13A_C1536.csv
DEBUG	2023-03-06 20:57:18,546	polo.crystallography.run	1878	Added 1536 Cocktails
DEBUG	2023-03-06 20:57:18,546	polo.crystallography.run	1866	Created Menu for path /tmp/_MEIlPxmt8/data/cocktail_data/10_C1536.csv
DEBUG	2023-03-06 20:57:18,622	polo.crystallography.run	1878	Added 1536 Cocktails
DEBUG	2023-03-06 20:57:18,622	polo.crystallography.run	1866	Created Menu for path /tmp/_MEIlPxmt8/data/cocktail_data/17_C1536_B.csv
DEBUG	2023-03-06 20:57:18,711	polo.crystallography.run	1878	Added 1536 Cocktails
DEBUG	2023-03-06 20:57:18,711	polo.crystallography.run	1866	Created Menu for path /tmp/_MEIlPxmt8/data/cocktail_data/14_C1536.csv
DEBUG	2023-03-06 20:57:18,793	polo.crystallography.run	1878	Added 1536 Cocktails
DEBUG	2023-03-06 20:57:18,794	polo.crystallography.run	1866	Created Menu for path /tmp/_MEIlPxmt8/data/cocktail_data/11_C1536.csv
DEBUG	2023-03-06 20:57:18,884	polo.crystallography.run	1878	Added 1536 Cocktails
DEBUG	2023-03-06 20:57:18,885	polo.crystallography.run	1866	Created Menu for path /tmp/_MEIlPxmt8/data/cocktail_data/16_C1536.csv
DEBUG	2023-03-06 20:57:18,956	polo.crystallography.run	1878	Added 1536 Cocktails
DEBUG	2023-03-06 20:57:18,956	polo.crystallography.run	1866	Created Menu for path /tmp/_MEIlPxmt8/data/cocktail_data/12_C1536.csv
DEBUG	2023-03-06 20:57:19,172	polo.crystallography.run	1878	Added 1536 Cocktails
DEBUG	2023-03-06 20:57:19,173	polo.crystallography.run	1866	Created Menu for path /tmp/_MEIlPxmt8/data/cocktail_data/9_C1536.csv
DEBUG	2023-03-06 20:57:19,286	polo.crystallography.run	1878	Added 1536 Cocktails
DEBUG	2023-03-06 20:57:19,287	polo.crystallography.run	1866	Created Menu for path /tmp/_MEIlPxmt8/data/cocktail_data/15_C1536.csv
DEBUG	2023-03-06 20:57:19,367	polo.crystallography.run	1878	Added 1536 Cocktails
DEBUG	2023-03-06 20:57:19,367	polo.crystallography.run	1866	Created Menu for path /tmp/_MEIlPxmt8/data/cocktail_data/21_C1536.csv
DEBUG	2023-03-06 20:57:19,428	polo.crystallography.run	1878	Added 1536 Cocktails
DEBUG	2023-03-06 20:57:19,428	polo.crystallography.run	1866	Created Menu for path /tmp/_MEIlPxmt8/data/cocktail_data/MSC9_1536_cocktail_list_complist.csv
DEBUG	2023-03-06 20:57:22,457	__main__	38	Detected OS: Linux
DEBUG	2023-03-06 20:57:22,457	__main__	39	Working directory: /home/ethan/Documents/mySoftware/poloRework/releaseTesting
DEBUG	2023-03-06 20:57:22,457	__main__	40	Polo directory: /tmp/_MEIlPxmt8
DEBUG	2023-03-06 20:57:22,457	__main__	45	Exists: /tmp/_MEIlPxmt8/data/savedmodel
DEBUG	2023-03-06 20:57:22,457	__main__	45	Exists: /tmp/_MEIlPxmt8/data/cocktail_data
DEBUG	2023-03-06 20:57:22,457	__main__	45	Exists: /tmp/_MEIlPxmt8/data/cocktail_data/cocktail_meta.csv
DEBUG	2023-03-06 20:57:22,457	__main__	45	Exists: /home/ethan/Documents/mySoftware/poloRework/releaseTesting/.polo_backups
DEBUG	2023-03-06 20:57:22,457	__main__	45	Exists: /tmp/_MEIlPxmt8/.tmp
DEBUG	2023-03-06 20:57:22,457	__main__	45	Exists: /tmp/_MEIlPxmt8/data
DEBUG	2023-03-06 20:57:22,458	__main__	52	All preflight checks passed 6 == 6
DEBUG	2023-03-06 20:57:22,473	__main__	69	App icon location: /tmp/_MEIlPxmt8/data/images/logos/polo.png
DEBUG	2023-03-06 20:57:22,483	polo.widgets.run_tree	66	Created <polo.widgets.run_tree.RunTree object at 0x7fe552942cd0>
DEBUG	2023-03-06 20:57:22,493	polo.widgets.run_organizer	59	Created <polo.widgets.run_organizer.RunOrganizer object at 0x7fe552942b90>
DEBUG	2023-03-06 20:57:22,494	polo.widgets.slideshow_viewer	231	Made <polo.widgets.slideshow_viewer.SlideshowViewer object at 0x7fe55291c7d0>
DEBUG	2023-03-06 20:57:22,500	polo.widgets.table_inspector	41	Created <polo.widgets.table_inspector.TableInspector object at 0x7fe54eca4af0>
DEBUG	2023-03-06 20:57:22,505	polo.widgets.optimize_widget	93	Created <polo.widgets.optimize_widget.OptimizeWidget object at 0x7fe54ecb0370>
DEBUG	2023-03-06 20:57:23,182	polo.windows.main_window	83	Created <polo.windows.main_window.MainWindow object at 0x7fe5529429b0>
DEBUG	2023-03-06 20:57:23,389	__main__	73	Launched main window
INFO	2023-03-06 20:57:28,404	polo.windows.main_window	158	Closed Polo
