DEBUG	2023-03-04 13:28:35,615	polo.crystallography.run	1857	Added 1535 Cocktails
DEBUG	2023-03-04 13:28:35,615	polo.crystallography.run	1845	Created Menu for path /home/ethan/Documents/mySoftware/poloRework/Marco_Polo/src/data/cocktail_data/MSC2_cocktail_list_092809.csv
DEBUG	2023-03-04 13:28:35,633	polo.crystallography.run	1857	Added 1536 Cocktails
DEBUG	2023-03-04 13:28:35,633	polo.crystallography.run	1845	Created Menu for path /home/ethan/Documents/mySoftware/poloRework/Marco_Polo/src/data/cocktail_data/MSC8_1536_cocktail_list_complist.csv
DEBUG	2023-03-04 13:28:35,651	polo.crystallography.run	1857	Added 1536 Cocktails
DEBUG	2023-03-04 13:28:35,651	polo.crystallography.run	1845	Created Menu for path /home/ethan/Documents/mySoftware/poloRework/Marco_Polo/src/data/cocktail_data/MSC5_1536_cocktail_list_complist.csv
DEBUG	2023-03-04 13:28:35,670	polo.crystallography.run	1857	Added 1536 Cocktails
DEBUG	2023-03-04 13:28:35,670	polo.crystallography.run	1845	Created Menu for path /home/ethan/Documents/mySoftware/poloRework/Marco_Polo/src/data/cocktail_data/MSC3_1536_cocktail_list_complist.csv
DEBUG	2023-03-04 13:28:35,769	polo.crystallography.run	1857	Added 1536 Cocktails
DEBUG	2023-03-04 13:28:35,769	polo.crystallography.run	1845	Created Menu for path /home/ethan/Documents/mySoftware/poloRework/Marco_Polo/src/data/cocktail_data/MSC4_1536_cocktail_list_complist-for-web.csv
DEBUG	2023-03-04 13:28:35,787	polo.crystallography.run	1857	Added 1536 Cocktails
DEBUG	2023-03-04 13:28:35,787	polo.crystallography.run	1845	Created Menu for path /home/ethan/Documents/mySoftware/poloRework/Marco_Polo/src/data/cocktail_data/MSC6_1536_cocktail_list_complist.csv
DEBUG	2023-03-04 13:28:35,804	polo.crystallography.run	1857	Added 1536 Cocktails
DEBUG	2023-03-04 13:28:35,804	polo.crystallography.run	1845	Created Menu for path /home/ethan/Documents/mySoftware/poloRework/Marco_Polo/src/data/cocktail_data/13_C1536.csv
DEBUG	2023-03-04 13:28:35,822	polo.crystallography.run	1857	Added 1536 Cocktails
DEBUG	2023-03-04 13:28:35,822	polo.crystallography.run	1845	Created Menu for path /home/ethan/Documents/mySoftware/poloRework/Marco_Polo/src/data/cocktail_data/13A_C1536.csv
DEBUG	2023-03-04 13:28:35,839	polo.crystallography.run	1857	Added 1536 Cocktails
DEBUG	2023-03-04 13:28:35,839	polo.crystallography.run	1845	Created Menu for path /home/ethan/Documents/mySoftware/poloRework/Marco_Polo/src/data/cocktail_data/10_C1536.csv
DEBUG	2023-03-04 13:28:35,856	polo.crystallography.run	1857	Added 1536 Cocktails
DEBUG	2023-03-04 13:28:35,856	polo.crystallography.run	1845	Created Menu for path /home/ethan/Documents/mySoftware/poloRework/Marco_Polo/src/data/cocktail_data/17_C1536_B.csv
DEBUG	2023-03-04 13:28:35,873	polo.crystallography.run	1857	Added 1536 Cocktails
DEBUG	2023-03-04 13:28:35,873	polo.crystallography.run	1845	Created Menu for path /home/ethan/Documents/mySoftware/poloRework/Marco_Polo/src/data/cocktail_data/14_C1536.csv
DEBUG	2023-03-04 13:28:35,891	polo.crystallography.run	1857	Added 1536 Cocktails
DEBUG	2023-03-04 13:28:35,891	polo.crystallography.run	1845	Created Menu for path /home/ethan/Documents/mySoftware/poloRework/Marco_Polo/src/data/cocktail_data/11_C1536.csv
DEBUG	2023-03-04 13:28:36,014	polo.crystallography.run	1857	Added 1536 Cocktails
DEBUG	2023-03-04 13:28:36,014	polo.crystallography.run	1845	Created Menu for path /home/ethan/Documents/mySoftware/poloRework/Marco_Polo/src/data/cocktail_data/16_C1536.csv
DEBUG	2023-03-04 13:28:36,031	polo.crystallography.run	1857	Added 1536 Cocktails
DEBUG	2023-03-04 13:28:36,031	polo.crystallography.run	1845	Created Menu for path /home/ethan/Documents/mySoftware/poloRework/Marco_Polo/src/data/cocktail_data/12_C1536.csv
DEBUG	2023-03-04 13:28:36,048	polo.crystallography.run	1857	Added 1536 Cocktails
DEBUG	2023-03-04 13:28:36,048	polo.crystallography.run	1845	Created Menu for path /home/ethan/Documents/mySoftware/poloRework/Marco_Polo/src/data/cocktail_data/9_C1536.csv
DEBUG	2023-03-04 13:28:36,065	polo.crystallography.run	1857	Added 1536 Cocktails
DEBUG	2023-03-04 13:28:36,066	polo.crystallography.run	1845	Created Menu for path /home/ethan/Documents/mySoftware/poloRework/Marco_Polo/src/data/cocktail_data/15_C1536.csv
DEBUG	2023-03-04 13:29:07,925	polo.crystallography.run	1857	Added 1535 Cocktails
DEBUG	2023-03-04 13:29:07,925	polo.crystallography.run	1845	Created Menu for path /home/ethan/Documents/mySoftware/poloRework/Marco_Polo/src/data/cocktail_data/MSC2_cocktail_list_092809.csv
DEBUG	2023-03-04 13:29:07,944	polo.crystallography.run	1857	Added 1536 Cocktails
DEBUG	2023-03-04 13:29:07,944	polo.crystallography.run	1845	Created Menu for path /home/ethan/Documents/mySoftware/poloRework/Marco_Polo/src/data/cocktail_data/MSC8_1536_cocktail_list_complist.csv
DEBUG	2023-03-04 13:29:07,962	polo.crystallography.run	1857	Added 1536 Cocktails
DEBUG	2023-03-04 13:29:07,962	polo.crystallography.run	1845	Created Menu for path /home/ethan/Documents/mySoftware/poloRework/Marco_Polo/src/data/cocktail_data/MSC5_1536_cocktail_list_complist.csv
DEBUG	2023-03-04 13:29:08,057	polo.crystallography.run	1857	Added 1536 Cocktails
DEBUG	2023-03-04 13:29:08,058	polo.crystallography.run	1845	Created Menu for path /home/ethan/Documents/mySoftware/poloRework/Marco_Polo/src/data/cocktail_data/MSC3_1536_cocktail_list_complist.csv
DEBUG	2023-03-04 13:29:08,076	polo.crystallography.run	1857	Added 1536 Cocktails
DEBUG	2023-03-04 13:29:08,076	polo.crystallography.run	1845	Created Menu for path /home/ethan/Documents/mySoftware/poloRework/Marco_Polo/src/data/cocktail_data/MSC4_1536_cocktail_list_complist-for-web.csv
DEBUG	2023-03-04 13:29:08,094	polo.crystallography.run	1857	Added 1536 Cocktails
DEBUG	2023-03-04 13:29:08,094	polo.crystallography.run	1845	Created Menu for path /home/ethan/Documents/mySoftware/poloRework/Marco_Polo/src/data/cocktail_data/MSC6_1536_cocktail_list_complist.csv
DEBUG	2023-03-04 13:29:08,111	polo.crystallography.run	1857	Added 1536 Cocktails
DEBUG	2023-03-04 13:29:08,111	polo.crystallography.run	1845	Created Menu for path /home/ethan/Documents/mySoftware/poloRework/Marco_Polo/src/data/cocktail_data/13_C1536.csv
DEBUG	2023-03-04 13:29:08,129	polo.crystallography.run	1857	Added 1536 Cocktails
DEBUG	2023-03-04 13:29:08,129	polo.crystallography.run	1845	Created Menu for path /home/ethan/Documents/mySoftware/poloRework/Marco_Polo/src/data/cocktail_data/13A_C1536.csv
DEBUG	2023-03-04 13:29:08,146	polo.crystallography.run	1857	Added 1536 Cocktails
DEBUG	2023-03-04 13:29:08,146	polo.crystallography.run	1845	Created Menu for path /home/ethan/Documents/mySoftware/poloRework/Marco_Polo/src/data/cocktail_data/10_C1536.csv
DEBUG	2023-03-04 13:29:08,163	polo.crystallography.run	1857	Added 1536 Cocktails
DEBUG	2023-03-04 13:29:08,163	polo.crystallography.run	1845	Created Menu for path /home/ethan/Documents/mySoftware/poloRework/Marco_Polo/src/data/cocktail_data/17_C1536_B.csv
DEBUG	2023-03-04 13:29:08,180	polo.crystallography.run	1857	Added 1536 Cocktails
DEBUG	2023-03-04 13:29:08,181	polo.crystallography.run	1845	Created Menu for path /home/ethan/Documents/mySoftware/poloRework/Marco_Polo/src/data/cocktail_data/14_C1536.csv
DEBUG	2023-03-04 13:29:08,301	polo.crystallography.run	1857	Added 1536 Cocktails
DEBUG	2023-03-04 13:29:08,302	polo.crystallography.run	1845	Created Menu for path /home/ethan/Documents/mySoftware/poloRework/Marco_Polo/src/data/cocktail_data/11_C1536.csv
DEBUG	2023-03-04 13:29:08,319	polo.crystallography.run	1857	Added 1536 Cocktails
DEBUG	2023-03-04 13:29:08,319	polo.crystallography.run	1845	Created Menu for path /home/ethan/Documents/mySoftware/poloRework/Marco_Polo/src/data/cocktail_data/16_C1536.csv
DEBUG	2023-03-04 13:29:08,336	polo.crystallography.run	1857	Added 1536 Cocktails
DEBUG	2023-03-04 13:29:08,336	polo.crystallography.run	1845	Created Menu for path /home/ethan/Documents/mySoftware/poloRework/Marco_Polo/src/data/cocktail_data/12_C1536.csv
DEBUG	2023-03-04 13:29:08,352	polo.crystallography.run	1857	Added 1536 Cocktails
DEBUG	2023-03-04 13:29:08,352	polo.crystallography.run	1845	Created Menu for path /home/ethan/Documents/mySoftware/poloRework/Marco_Polo/src/data/cocktail_data/9_C1536.csv
DEBUG	2023-03-04 13:29:08,370	polo.crystallography.run	1857	Added 1536 Cocktails
DEBUG	2023-03-04 13:29:08,370	polo.crystallography.run	1845	Created Menu for path /home/ethan/Documents/mySoftware/poloRework/Marco_Polo/src/data/cocktail_data/15_C1536.csv
DEBUG	2023-03-04 13:29:54,226	polo.crystallography.run	1857	Added 1535 Cocktails
DEBUG	2023-03-04 13:29:54,226	polo.crystallography.run	1845	Created Menu for path /home/ethan/Documents/mySoftware/poloRework/Marco_Polo/src/data/cocktail_data/MSC2_cocktail_list_092809.csv
DEBUG	2023-03-04 13:29:54,244	polo.crystallography.run	1857	Added 1536 Cocktails
DEBUG	2023-03-04 13:29:54,244	polo.crystallography.run	1845	Created Menu for path /home/ethan/Documents/mySoftware/poloRework/Marco_Polo/src/data/cocktail_data/MSC8_1536_cocktail_list_complist.csv
DEBUG	2023-03-04 13:29:54,262	polo.crystallography.run	1857	Added 1536 Cocktails
DEBUG	2023-03-04 13:29:54,262	polo.crystallography.run	1845	Created Menu for path /home/ethan/Documents/mySoftware/poloRework/Marco_Polo/src/data/cocktail_data/MSC5_1536_cocktail_list_complist.csv
DEBUG	2023-03-04 13:29:54,358	polo.crystallography.run	1857	Added 1536 Cocktails
DEBUG	2023-03-04 13:29:54,358	polo.crystallography.run	1845	Created Menu for path /home/ethan/Documents/mySoftware/poloRework/Marco_Polo/src/data/cocktail_data/MSC3_1536_cocktail_list_complist.csv
DEBUG	2023-03-04 13:29:54,376	polo.crystallography.run	1857	Added 1536 Cocktails
DEBUG	2023-03-04 13:29:54,376	polo.crystallography.run	1845	Created Menu for path /home/ethan/Documents/mySoftware/poloRework/Marco_Polo/src/data/cocktail_data/MSC4_1536_cocktail_list_complist-for-web.csv
DEBUG	2023-03-04 13:29:54,394	polo.crystallography.run	1857	Added 1536 Cocktails
DEBUG	2023-03-04 13:29:54,394	polo.crystallography.run	1845	Created Menu for path /home/ethan/Documents/mySoftware/poloRework/Marco_Polo/src/data/cocktail_data/MSC6_1536_cocktail_list_complist.csv
DEBUG	2023-03-04 13:29:54,410	polo.crystallography.run	1857	Added 1536 Cocktails
DEBUG	2023-03-04 13:29:54,410	polo.crystallography.run	1845	Created Menu for path /home/ethan/Documents/mySoftware/poloRework/Marco_Polo/src/data/cocktail_data/13_C1536.csv
DEBUG	2023-03-04 13:29:54,428	polo.crystallography.run	1857	Added 1536 Cocktails
DEBUG	2023-03-04 13:29:54,428	polo.crystallography.run	1845	Created Menu for path /home/ethan/Documents/mySoftware/poloRework/Marco_Polo/src/data/cocktail_data/13A_C1536.csv
DEBUG	2023-03-04 13:29:54,444	polo.crystallography.run	1857	Added 1536 Cocktails
DEBUG	2023-03-04 13:29:54,444	polo.crystallography.run	1845	Created Menu for path /home/ethan/Documents/mySoftware/poloRework/Marco_Polo/src/data/cocktail_data/10_C1536.csv
DEBUG	2023-03-04 13:29:54,461	polo.crystallography.run	1857	Added 1536 Cocktails
DEBUG	2023-03-04 13:29:54,461	polo.crystallography.run	1845	Created Menu for path /home/ethan/Documents/mySoftware/poloRework/Marco_Polo/src/data/cocktail_data/17_C1536_B.csv
DEBUG	2023-03-04 13:29:54,478	polo.crystallography.run	1857	Added 1536 Cocktails
DEBUG	2023-03-04 13:29:54,478	polo.crystallography.run	1845	Created Menu for path /home/ethan/Documents/mySoftware/poloRework/Marco_Polo/src/data/cocktail_data/14_C1536.csv
DEBUG	2023-03-04 13:29:54,600	polo.crystallography.run	1857	Added 1536 Cocktails
DEBUG	2023-03-04 13:29:54,600	polo.crystallography.run	1845	Created Menu for path /home/ethan/Documents/mySoftware/poloRework/Marco_Polo/src/data/cocktail_data/11_C1536.csv
DEBUG	2023-03-04 13:29:54,617	polo.crystallography.run	1857	Added 1536 Cocktails
DEBUG	2023-03-04 13:29:54,617	polo.crystallography.run	1845	Created Menu for path /home/ethan/Documents/mySoftware/poloRework/Marco_Polo/src/data/cocktail_data/16_C1536.csv
DEBUG	2023-03-04 13:29:54,634	polo.crystallography.run	1857	Added 1536 Cocktails
DEBUG	2023-03-04 13:29:54,634	polo.crystallography.run	1845	Created Menu for path /home/ethan/Documents/mySoftware/poloRework/Marco_Polo/src/data/cocktail_data/12_C1536.csv
DEBUG	2023-03-04 13:29:54,650	polo.crystallography.run	1857	Added 1536 Cocktails
DEBUG	2023-03-04 13:29:54,650	polo.crystallography.run	1845	Created Menu for path /home/ethan/Documents/mySoftware/poloRework/Marco_Polo/src/data/cocktail_data/9_C1536.csv
DEBUG	2023-03-04 13:29:54,668	polo.crystallography.run	1857	Added 1536 Cocktails
DEBUG	2023-03-04 13:29:54,668	polo.crystallography.run	1845	Created Menu for path /home/ethan/Documents/mySoftware/poloRework/Marco_Polo/src/data/cocktail_data/15_C1536.csv
DEBUG	2023-03-04 13:29:55,034	__main__	38	Detected OS: Linux
DEBUG	2023-03-04 13:29:55,034	__main__	39	Working directory: /home/ethan/Documents/mySoftware/poloRework/Marco_Polo/src
DEBUG	2023-03-04 13:29:55,035	__main__	40	Polo directory: /home/ethan/Documents/mySoftware/poloRework/Marco_Polo/src
DEBUG	2023-03-04 13:29:55,035	__main__	45	Exists: /home/ethan/Documents/mySoftware/poloRework/Marco_Polo/src/data/savedmodel
DEBUG	2023-03-04 13:29:55,035	__main__	45	Exists: /home/ethan/Documents/mySoftware/poloRework/Marco_Polo/src/data/cocktail_data
DEBUG	2023-03-04 13:29:55,035	__main__	45	Exists: /home/ethan/Documents/mySoftware/poloRework/Marco_Polo/src/data/cocktail_data/cocktail_meta.csv
DEBUG	2023-03-04 13:29:55,035	__main__	45	Exists: /home/ethan/Documents/mySoftware/poloRework/Marco_Polo/src/.polo_backups
DEBUG	2023-03-04 13:29:55,035	__main__	45	Exists: /home/ethan/Documents/mySoftware/poloRework/Marco_Polo/src/.tmp
DEBUG	2023-03-04 13:29:55,035	__main__	45	Exists: /home/ethan/Documents/mySoftware/poloRework/Marco_Polo/src/data
DEBUG	2023-03-04 13:29:55,035	__main__	52	All preflight checks passed 6 == 6
DEBUG	2023-03-04 13:29:55,068	__main__	69	App icon location: /home/ethan/Documents/mySoftware/poloRework/Marco_Polo/src/data/images/logos/polo.png
DEBUG	2023-03-04 13:29:55,086	polo.widgets.run_tree	66	Created <polo.widgets.run_tree.RunTree object at 0x7fc1a110ad70>
DEBUG	2023-03-04 13:29:55,142	polo.widgets.run_organizer	59	Created <polo.widgets.run_organizer.RunOrganizer object at 0x7fc1a110a0f0>
DEBUG	2023-03-04 13:29:55,145	polo.widgets.slideshow_viewer	231	Made <polo.widgets.slideshow_viewer.SlideshowViewer object at 0x7fc1a1047e10>
DEBUG	2023-03-04 13:29:55,150	polo.widgets.table_inspector	41	Created <polo.widgets.table_inspector.TableInspector object at 0x7fc1a1087910>
DEBUG	2023-03-04 13:29:55,153	polo.widgets.optimize_widget	93	Created <polo.widgets.optimize_widget.OptimizeWidget object at 0x7fc1a1093190>
DEBUG	2023-03-04 13:29:55,744	polo.windows.main_window	83	Created <polo.windows.main_window.MainWindow object at 0x7fc1a110acd0>
DEBUG	2023-03-04 13:29:55,807	__main__	73	Launched main window
DEBUG	2023-03-04 13:30:04,704	polo.windows.cite_dialog	21	Created <polo.windows.cite_dialog.CiteDialog object at 0x7fc1a0d5c230>
DEBUG	2023-03-04 13:30:15,098	polo.windows.cite_dialog	21	Created <polo.windows.cite_dialog.CiteDialog object at 0x7fc1a0d5c230>
DEBUG	2023-03-04 13:30:18,218	polo.windows.cite_dialog	39	Opened Polo article link
INFO	2023-03-04 13:30:30,259	polo.windows.main_window	158	Closed Polo
